{"level":"info","message":" API - Port 4000","timestamp":"2017-09-18T13:33:14.678Z"}
{"level":"info","message":" API - Port 4000","timestamp":"2017-09-18T13:33:14.687Z"}
{"level":"info","message":" API - Port 4000","timestamp":"2017-09-18T13:33:14.822Z"}
{"level":"info","message":"::1 - - [18/Sep/2017:13:33:17 +0000] \"GET /docs/ HTTP/1.1\" 304 -","timestamp":"2017-09-18T13:33:17.044Z"}
{"level":"info","message":"::1 - - [18/Sep/2017:13:33:17 +0000] \"GET /docs/swagger-ui.css HTTP/1.1\" 304 -","timestamp":"2017-09-18T13:33:17.059Z"}
{"level":"info","message":"::1 - - [18/Sep/2017:13:33:17 +0000] \"GET /docs/swagger-ui-bundle.js HTTP/1.1\" 304 -","timestamp":"2017-09-18T13:33:17.091Z"}
{"level":"info","message":"::1 - - [18/Sep/2017:13:33:17 +0000] \"GET /docs/swagger-ui-standalone-preset.js HTTP/1.1\" 304 -","timestamp":"2017-09-18T13:33:17.099Z"}
{"level":"info","message":"::1 - - [18/Sep/2017:13:33:17 +0000] \"GET /api/v1/swagger.json HTTP/1.1\" 200 -","timestamp":"2017-09-18T13:33:17.529Z"}
{"level":"info","message":"::1 - - [18/Sep/2017:13:33:17 +0000] \"GET /docs/favicon-32x32.png HTTP/1.1\" 200 1141","timestamp":"2017-09-18T13:33:17.553Z"}
{"level":"info","message":"::1 - - [18/Sep/2017:13:33:17 +0000] \"GET /docs/favicon-32x32.png HTTP/1.1\" 304 -","timestamp":"2017-09-18T13:33:17.695Z"}
{"level":"info","message":"::1 - - [18/Sep/2017:13:33:17 +0000] \"GET /docs/favicon-32x32.png HTTP/1.1\" 304 -","timestamp":"2017-09-18T13:33:17.698Z"}
{"level":"info","message":"::1 - - [18/Sep/2017:13:33:17 +0000] \"GET /docs/favicon-16x16.png HTTP/1.1\" 304 -","timestamp":"2017-09-18T13:33:17.728Z"}
{"level":"info","message":"::1 - - [18/Sep/2017:13:33:30 +0000] \"POST /api/v1/token HTTP/1.1\" 200 409","timestamp":"2017-09-18T13:33:30.612Z"}
{"level":"info","message":" API - Port 4000","timestamp":"2017-09-18T13:39:28.306Z"}
{"level":"info","message":" API - Port 4000","timestamp":"2017-09-18T13:39:28.305Z"}
{"level":"info","message":" API - Port 4000","timestamp":"2017-09-18T13:39:28.310Z"}
{"level":"info","message":"::1 - - [18/Sep/2017:13:39:32 +0000] \"GET /docs/ HTTP/1.1\" 304 -","timestamp":"2017-09-18T13:39:32.354Z"}
{"level":"info","message":"::1 - - [18/Sep/2017:13:39:32 +0000] \"GET /docs/swagger-ui.css HTTP/1.1\" 304 -","timestamp":"2017-09-18T13:39:32.370Z"}
{"level":"info","message":"::1 - - [18/Sep/2017:13:39:32 +0000] \"GET /docs/swagger-ui-bundle.js HTTP/1.1\" 304 -","timestamp":"2017-09-18T13:39:32.401Z"}
{"level":"info","message":"::1 - - [18/Sep/2017:13:39:32 +0000] \"GET /docs/swagger-ui-standalone-preset.js HTTP/1.1\" 304 -","timestamp":"2017-09-18T13:39:32.405Z"}
{"level":"info","message":"::1 - - [18/Sep/2017:13:39:32 +0000] \"GET /api/v1/swagger.json HTTP/1.1\" 200 -","timestamp":"2017-09-18T13:39:32.858Z"}
{"level":"info","message":"::1 - - [18/Sep/2017:13:39:32 +0000] \"GET /docs/favicon-32x32.png HTTP/1.1\" 200 1141","timestamp":"2017-09-18T13:39:32.881Z"}
{"level":"info","message":"::1 - - [18/Sep/2017:13:39:33 +0000] \"GET /docs/favicon-32x32.png HTTP/1.1\" 304 -","timestamp":"2017-09-18T13:39:33.033Z"}
{"level":"info","message":"::1 - - [18/Sep/2017:13:39:33 +0000] \"GET /docs/favicon-32x32.png HTTP/1.1\" 304 -","timestamp":"2017-09-18T13:39:33.037Z"}
{"level":"info","message":"::1 - - [18/Sep/2017:13:39:33 +0000] \"GET /docs/favicon-16x16.png HTTP/1.1\" 304 -","timestamp":"2017-09-18T13:39:33.065Z"}
{"level":"info","message":" API - Port 4000","timestamp":"2017-09-18T13:41:34.556Z"}
{"level":"info","message":" API - Port 4000","timestamp":"2017-09-18T13:41:34.557Z"}
{"level":"info","message":" API - Port 4000","timestamp":"2017-09-18T13:41:34.705Z"}
{"level":"info","message":"::1 - - [18/Sep/2017:13:41:36 +0000] \"GET /docs/ HTTP/1.1\" 304 -","timestamp":"2017-09-18T13:41:36.438Z"}
{"level":"info","message":"::1 - - [18/Sep/2017:13:41:36 +0000] \"GET /docs/swagger-ui.css HTTP/1.1\" 304 -","timestamp":"2017-09-18T13:41:36.461Z"}
{"level":"info","message":"::1 - - [18/Sep/2017:13:41:36 +0000] \"GET /docs/swagger-ui-bundle.js HTTP/1.1\" 304 -","timestamp":"2017-09-18T13:41:36.486Z"}
{"level":"info","message":"::1 - - [18/Sep/2017:13:41:36 +0000] \"GET /docs/swagger-ui-standalone-preset.js HTTP/1.1\" 304 -","timestamp":"2017-09-18T13:41:36.491Z"}
{"level":"info","message":"::1 - - [18/Sep/2017:13:41:36 +0000] \"GET /api/v1/swagger.json HTTP/1.1\" 200 -","timestamp":"2017-09-18T13:41:36.920Z"}
{"level":"info","message":"::1 - - [18/Sep/2017:13:41:36 +0000] \"GET /docs/favicon-32x32.png HTTP/1.1\" 200 1141","timestamp":"2017-09-18T13:41:36.939Z"}
{"level":"info","message":"::1 - - [18/Sep/2017:13:41:37 +0000] \"GET /docs/favicon-32x32.png HTTP/1.1\" 304 -","timestamp":"2017-09-18T13:41:37.072Z"}
{"level":"info","message":"::1 - - [18/Sep/2017:13:41:37 +0000] \"GET /docs/favicon-32x32.png HTTP/1.1\" 304 -","timestamp":"2017-09-18T13:41:37.075Z"}
{"level":"info","message":"::1 - - [18/Sep/2017:13:41:37 +0000] \"GET /docs/favicon-16x16.png HTTP/1.1\" 304 -","timestamp":"2017-09-18T13:41:37.086Z"}
{"level":"info","message":" API - Port 4000","timestamp":"2017-09-18T13:42:19.328Z"}
{"level":"info","message":" API - Port 4000","timestamp":"2017-09-18T13:42:19.328Z"}
{"level":"info","message":" API - Port 4000","timestamp":"2017-09-18T13:42:19.329Z"}
{"level":"info","message":"::1 - - [18/Sep/2017:13:42:21 +0000] \"GET /docs/ HTTP/1.1\" 304 -","timestamp":"2017-09-18T13:42:21.497Z"}
{"level":"info","message":"::1 - - [18/Sep/2017:13:42:21 +0000] \"GET /docs/swagger-ui.css HTTP/1.1\" 304 -","timestamp":"2017-09-18T13:42:21.512Z"}
{"level":"info","message":"::1 - - [18/Sep/2017:13:42:21 +0000] \"GET /docs/swagger-ui-bundle.js HTTP/1.1\" 304 -","timestamp":"2017-09-18T13:42:21.542Z"}
{"level":"info","message":"::1 - - [18/Sep/2017:13:42:21 +0000] \"GET /docs/swagger-ui-standalone-preset.js HTTP/1.1\" 304 -","timestamp":"2017-09-18T13:42:21.545Z"}
{"level":"info","message":"::1 - - [18/Sep/2017:13:42:21 +0000] \"GET /api/v1/swagger.json HTTP/1.1\" 200 -","timestamp":"2017-09-18T13:42:21.993Z"}
{"level":"info","message":"::1 - - [18/Sep/2017:13:42:22 +0000] \"GET /docs/favicon-32x32.png HTTP/1.1\" 200 1141","timestamp":"2017-09-18T13:42:22.018Z"}
{"level":"info","message":"::1 - - [18/Sep/2017:13:42:22 +0000] \"GET /docs/favicon-32x32.png HTTP/1.1\" 304 -","timestamp":"2017-09-18T13:42:22.155Z"}
{"level":"info","message":"::1 - - [18/Sep/2017:13:42:22 +0000] \"GET /docs/favicon-32x32.png HTTP/1.1\" 304 -","timestamp":"2017-09-18T13:42:22.160Z"}
{"level":"info","message":"::1 - - [18/Sep/2017:13:42:22 +0000] \"GET /docs/favicon-16x16.png HTTP/1.1\" 304 -","timestamp":"2017-09-18T13:42:22.166Z"}
{"level":"info","message":" API - Port 4000","timestamp":"2017-09-18T13:43:23.169Z"}
{"level":"info","message":" API - Port 4000","timestamp":"2017-09-18T13:43:23.170Z"}
{"level":"info","message":" API - Port 4000","timestamp":"2017-09-18T13:43:23.170Z"}
{"level":"info","message":"::1 - - [18/Sep/2017:13:43:25 +0000] \"GET /docs/ HTTP/1.1\" 304 -","timestamp":"2017-09-18T13:43:25.454Z"}
{"level":"info","message":"::1 - - [18/Sep/2017:13:43:25 +0000] \"GET /docs/swagger-ui.css HTTP/1.1\" 304 -","timestamp":"2017-09-18T13:43:25.465Z"}
{"level":"info","message":"::1 - - [18/Sep/2017:13:43:25 +0000] \"GET /docs/swagger-ui-bundle.js HTTP/1.1\" 304 -","timestamp":"2017-09-18T13:43:25.497Z"}
{"level":"info","message":"::1 - - [18/Sep/2017:13:43:25 +0000] \"GET /docs/swagger-ui-standalone-preset.js HTTP/1.1\" 304 -","timestamp":"2017-09-18T13:43:25.505Z"}
{"level":"info","message":"::1 - - [18/Sep/2017:13:43:25 +0000] \"GET /api/v1/swagger.json HTTP/1.1\" 200 -","timestamp":"2017-09-18T13:43:25.939Z"}
{"level":"info","message":"::1 - - [18/Sep/2017:13:43:25 +0000] \"GET /docs/favicon-32x32.png HTTP/1.1\" 200 1141","timestamp":"2017-09-18T13:43:25.959Z"}
{"level":"info","message":"::1 - - [18/Sep/2017:13:43:26 +0000] \"GET /docs/favicon-32x32.png HTTP/1.1\" 304 -","timestamp":"2017-09-18T13:43:26.095Z"}
{"level":"info","message":"::1 - - [18/Sep/2017:13:43:26 +0000] \"GET /docs/favicon-32x32.png HTTP/1.1\" 304 -","timestamp":"2017-09-18T13:43:26.098Z"}
{"level":"info","message":"::1 - - [18/Sep/2017:13:43:26 +0000] \"GET /docs/favicon-16x16.png HTTP/1.1\" 304 -","timestamp":"2017-09-18T13:43:26.109Z"}
{"level":"info","message":" API - Port 4000","timestamp":"2017-09-18T13:47:13.497Z"}
{"level":"info","message":" API - Port 4000","timestamp":"2017-09-18T13:47:13.501Z"}
{"level":"info","message":" API - Port 4000","timestamp":"2017-09-18T13:47:13.506Z"}
{"level":"info","message":"::1 - - [18/Sep/2017:13:47:15 +0000] \"GET /docs/ HTTP/1.1\" 304 -","timestamp":"2017-09-18T13:47:15.718Z"}
{"level":"info","message":"::1 - - [18/Sep/2017:13:47:15 +0000] \"GET /docs/swagger-ui.css HTTP/1.1\" 304 -","timestamp":"2017-09-18T13:47:15.744Z"}
{"level":"info","message":"::1 - - [18/Sep/2017:13:47:15 +0000] \"GET /docs/swagger-ui-bundle.js HTTP/1.1\" 304 -","timestamp":"2017-09-18T13:47:15.765Z"}
{"level":"info","message":"::1 - - [18/Sep/2017:13:47:15 +0000] \"GET /docs/swagger-ui-standalone-preset.js HTTP/1.1\" 304 -","timestamp":"2017-09-18T13:47:15.770Z"}
{"level":"info","message":"::1 - - [18/Sep/2017:13:47:16 +0000] \"GET /api/v1/swagger.json HTTP/1.1\" 200 -","timestamp":"2017-09-18T13:47:16.213Z"}
{"level":"info","message":"::1 - - [18/Sep/2017:13:47:16 +0000] \"GET /docs/favicon-32x32.png HTTP/1.1\" 200 1141","timestamp":"2017-09-18T13:47:16.250Z"}
{"level":"info","message":"::1 - - [18/Sep/2017:13:47:16 +0000] \"GET /docs/favicon-32x32.png HTTP/1.1\" 304 -","timestamp":"2017-09-18T13:47:16.382Z"}
{"level":"info","message":"::1 - - [18/Sep/2017:13:47:16 +0000] \"GET /docs/favicon-32x32.png HTTP/1.1\" 304 -","timestamp":"2017-09-18T13:47:16.386Z"}
{"level":"info","message":"::1 - - [18/Sep/2017:13:47:16 +0000] \"GET /docs/favicon-16x16.png HTTP/1.1\" 304 -","timestamp":"2017-09-18T13:47:16.408Z"}
{"level":"info","message":"::1 - - [18/Sep/2017:13:47:24 +0000] \"GET /docs/swagger-ui.css HTTP/1.1\" 304 -","timestamp":"2017-09-18T13:47:24.265Z"}
{"level":"info","message":"::1 - - [18/Sep/2017:13:47:24 +0000] \"GET /docs/swagger-ui-bundle.js.map HTTP/1.1\" 200 275","timestamp":"2017-09-18T13:47:24.355Z"}
{"level":"info","message":"::1 - - [18/Sep/2017:13:47:24 +0000] \"GET /docs/swagger-ui-standalone-preset.js.map HTTP/1.1\" 200 168","timestamp":"2017-09-18T13:47:24.365Z"}
{"level":"info","message":"::1 - - [18/Sep/2017:13:47:24 +0000] \"GET /docs/swagger-ui.css.map HTTP/1.1\" 200 80","timestamp":"2017-09-18T13:47:24.373Z"}
{"level":"info","message":" API - Port 4000","timestamp":"2017-09-18T13:53:02.453Z"}
{"level":"info","message":" API - Port 4000","timestamp":"2017-09-18T13:53:02.457Z"}
{"level":"info","message":" API - Port 4000","timestamp":"2017-09-18T13:53:02.462Z"}
{"level":"info","message":"::1 - - [18/Sep/2017:13:53:05 +0000] \"GET /docs/ HTTP/1.1\" 200 3832","timestamp":"2017-09-18T13:53:05.117Z"}
{"level":"info","message":"::1 - - [18/Sep/2017:13:53:05 +0000] \"GET /docs/swagger-ui.css HTTP/1.1\" 200 32617","timestamp":"2017-09-18T13:53:05.141Z"}
{"level":"info","message":"::1 - - [18/Sep/2017:13:53:05 +0000] \"GET /docs/swagger-ui-standalone-preset.js HTTP/1.1\" 200 260679","timestamp":"2017-09-18T13:53:05.172Z"}
{"level":"info","message":"::1 - - [18/Sep/2017:13:53:05 +0000] \"GET /docs/swagger-ui-bundle.js HTTP/1.1\" 200 1340999","timestamp":"2017-09-18T13:53:05.209Z"}
{"level":"info","message":"::1 - - [18/Sep/2017:13:53:05 +0000] \"GET /api/v1/swagger.json HTTP/1.1\" 200 -","timestamp":"2017-09-18T13:53:05.747Z"}
{"level":"info","message":"::1 - - [18/Sep/2017:13:53:05 +0000] \"GET /docs/favicon-32x32.png HTTP/1.1\" 200 1141","timestamp":"2017-09-18T13:53:05.769Z"}
{"level":"info","message":"::1 - - [18/Sep/2017:13:53:05 +0000] \"GET /docs/favicon-32x32.png HTTP/1.1\" 304 -","timestamp":"2017-09-18T13:53:05.909Z"}
{"level":"info","message":"::1 - - [18/Sep/2017:13:53:05 +0000] \"GET /docs/favicon-32x32.png HTTP/1.1\" 304 -","timestamp":"2017-09-18T13:53:05.912Z"}
{"level":"info","message":"::1 - - [18/Sep/2017:13:53:05 +0000] \"GET /docs/favicon-16x16.png HTTP/1.1\" 304 -","timestamp":"2017-09-18T13:53:05.949Z"}
{"level":"info","message":"::1 - - [18/Sep/2017:13:53:49 +0000] \"POST /api/v1/token HTTP/1.1\" 200 409","timestamp":"2017-09-18T13:53:49.278Z"}
{"level":"info","message":"::1 - - [18/Sep/2017:13:54:18 +0000] \"GET /api/v1/users HTTP/1.1\" 401 -","timestamp":"2017-09-18T13:54:18.332Z"}
{"level":"info","message":" API - Port 4000","timestamp":"2017-09-18T13:57:31.689Z"}
{"level":"info","message":" API - Port 4000","timestamp":"2017-09-18T13:57:31.696Z"}
{"level":"info","message":" API - Port 4000","timestamp":"2017-09-18T13:57:31.697Z"}
{"level":"info","message":"::1 - - [18/Sep/2017:13:57:52 +0000] \"GET /api/v1/users HTTP/1.1\" 401 -","timestamp":"2017-09-18T13:57:52.547Z"}
{"level":"info","message":"::1 - - [18/Sep/2017:13:58:00 +0000] \"GET /api/v1/users HTTP/1.1\" 401 -","timestamp":"2017-09-18T13:58:00.469Z"}
{"level":"info","message":"::1 - - [18/Sep/2017:13:58:04 +0000] \"GET /api/v1/users HTTP/1.1\" 401 -","timestamp":"2017-09-18T13:58:04.542Z"}
{"level":"info","message":" API - Port 4000","timestamp":"2017-09-18T14:13:34.114Z"}
{"level":"info","message":" API - Port 4000","timestamp":"2017-09-18T14:13:34.115Z"}
{"level":"info","message":" API - Port 4000","timestamp":"2017-09-18T14:13:34.117Z"}
{"level":"info","message":"::1 - - [18/Sep/2017:14:13:40 +0000] \"GET /docs/ HTTP/1.1\" 200 3853","timestamp":"2017-09-18T14:13:40.772Z"}
{"level":"info","message":"::1 - - [18/Sep/2017:14:13:40 +0000] \"GET /docs/swagger-ui.css HTTP/1.1\" 304 -","timestamp":"2017-09-18T14:13:40.787Z"}
{"level":"info","message":"::1 - - [18/Sep/2017:14:13:40 +0000] \"GET /docs/swagger-ui-bundle.js HTTP/1.1\" 304 -","timestamp":"2017-09-18T14:13:40.815Z"}
{"level":"info","message":"::1 - - [18/Sep/2017:14:13:40 +0000] \"GET /docs/swagger-ui-standalone-preset.js HTTP/1.1\" 304 -","timestamp":"2017-09-18T14:13:40.820Z"}
{"level":"info","message":"::1 - - [18/Sep/2017:14:13:41 +0000] \"GET /api/v1/swagger.json HTTP/1.1\" 200 -","timestamp":"2017-09-18T14:13:41.339Z"}
{"level":"info","message":"::1 - - [18/Sep/2017:14:13:41 +0000] \"GET /docs/favicon-32x32.png HTTP/1.1\" 200 1141","timestamp":"2017-09-18T14:13:41.366Z"}
{"level":"info","message":"::1 - - [18/Sep/2017:14:13:41 +0000] \"GET /docs/favicon-32x32.png HTTP/1.1\" 304 -","timestamp":"2017-09-18T14:13:41.507Z"}
{"level":"info","message":"::1 - - [18/Sep/2017:14:13:41 +0000] \"GET /docs/favicon-32x32.png HTTP/1.1\" 304 -","timestamp":"2017-09-18T14:13:41.513Z"}
{"level":"info","message":"::1 - - [18/Sep/2017:14:13:41 +0000] \"GET /docs/favicon-16x16.png HTTP/1.1\" 304 -","timestamp":"2017-09-18T14:13:41.529Z"}
{"level":"info","message":"::1 - - [18/Sep/2017:14:14:11 +0000] \"POST /api/v1/token HTTP/1.1\" 200 409","timestamp":"2017-09-18T14:14:11.638Z"}
{"level":"info","message":"::1 - - [18/Sep/2017:14:14:35 +0000] \"GET /api/v1/users HTTP/1.1\" 401 -","timestamp":"2017-09-18T14:14:35.376Z"}
{"level":"info","message":" API - Port 4000","timestamp":"2017-09-18T14:16:37.956Z"}
{"level":"info","message":" API - Port 4000","timestamp":"2017-09-18T14:16:37.958Z"}
{"level":"info","message":" API - Port 4000","timestamp":"2017-09-18T14:16:37.960Z"}
{"level":"info","message":"::1 - - [18/Sep/2017:14:16:43 +0000] \"GET /docs/ HTTP/1.1\" 200 3832","timestamp":"2017-09-18T14:16:43.202Z"}
{"level":"info","message":"::1 - - [18/Sep/2017:14:16:43 +0000] \"GET /docs/swagger-ui.css HTTP/1.1\" 304 -","timestamp":"2017-09-18T14:16:43.221Z"}
{"level":"info","message":"::1 - - [18/Sep/2017:14:16:43 +0000] \"GET /docs/swagger-ui-bundle.js HTTP/1.1\" 304 -","timestamp":"2017-09-18T14:16:43.249Z"}
{"level":"info","message":"::1 - - [18/Sep/2017:14:16:43 +0000] \"GET /docs/swagger-ui-standalone-preset.js HTTP/1.1\" 304 -","timestamp":"2017-09-18T14:16:43.253Z"}
{"level":"info","message":"::1 - - [18/Sep/2017:14:16:43 +0000] \"GET /api/v1/swagger.json HTTP/1.1\" 200 -","timestamp":"2017-09-18T14:16:43.706Z"}
{"level":"info","message":"::1 - - [18/Sep/2017:14:16:43 +0000] \"GET /docs/favicon-32x32.png HTTP/1.1\" 200 1141","timestamp":"2017-09-18T14:16:43.733Z"}
{"level":"info","message":"::1 - - [18/Sep/2017:14:16:43 +0000] \"GET /docs/favicon-32x32.png HTTP/1.1\" 304 -","timestamp":"2017-09-18T14:16:43.867Z"}
{"level":"info","message":"::1 - - [18/Sep/2017:14:16:43 +0000] \"GET /docs/favicon-32x32.png HTTP/1.1\" 304 -","timestamp":"2017-09-18T14:16:43.870Z"}
{"level":"info","message":"::1 - - [18/Sep/2017:14:16:43 +0000] \"GET /docs/favicon-16x16.png HTTP/1.1\" 304 -","timestamp":"2017-09-18T14:16:43.886Z"}
{"level":"info","message":"::1 - - [18/Sep/2017:14:17:04 +0000] \"POST /api/v1/token HTTP/1.1\" 200 409","timestamp":"2017-09-18T14:17:04.738Z"}
{"level":"info","message":"::1 - - [18/Sep/2017:14:17:22 +0000] \"GET /api/v1/users HTTP/1.1\" 401 -","timestamp":"2017-09-18T14:17:22.480Z"}
{"level":"info","message":" API - Port 4000","timestamp":"2017-09-18T14:32:48.581Z"}
{"level":"info","message":" API - Port 4000","timestamp":"2017-09-18T14:32:48.584Z"}
{"level":"info","message":" API - Port 4000","timestamp":"2017-09-18T14:32:48.586Z"}
{"level":"info","message":"::1 - - [18/Sep/2017:14:32:51 +0000] \"GET /docs/ HTTP/1.1\" 200 3868","timestamp":"2017-09-18T14:32:51.745Z"}
{"level":"info","message":"::1 - - [18/Sep/2017:14:32:51 +0000] \"GET /docs/swagger-ui.css HTTP/1.1\" 304 -","timestamp":"2017-09-18T14:32:51.762Z"}
{"level":"info","message":"::1 - - [18/Sep/2017:14:32:51 +0000] \"GET /docs/swagger-ui-bundle.js HTTP/1.1\" 304 -","timestamp":"2017-09-18T14:32:51.787Z"}
{"level":"info","message":"::1 - - [18/Sep/2017:14:32:51 +0000] \"GET /docs/swagger-ui-standalone-preset.js HTTP/1.1\" 304 -","timestamp":"2017-09-18T14:32:51.792Z"}
{"level":"info","message":"::1 - - [18/Sep/2017:14:32:52 +0000] \"GET /api/v1/swagger.json HTTP/1.1\" 200 -","timestamp":"2017-09-18T14:32:52.240Z"}
{"level":"info","message":"::1 - - [18/Sep/2017:14:32:52 +0000] \"GET /docs/favicon-32x32.png HTTP/1.1\" 200 1141","timestamp":"2017-09-18T14:32:52.279Z"}
{"level":"info","message":"::1 - - [18/Sep/2017:14:32:52 +0000] \"GET /docs/favicon-16x16.png HTTP/1.1\" 304 -","timestamp":"2017-09-18T14:32:52.377Z"}
{"level":"info","message":"::1 - - [18/Sep/2017:14:33:30 +0000] \"POST /api/v1/token HTTP/1.1\" 200 409","timestamp":"2017-09-18T14:33:30.628Z"}
{"level":"info","message":"::1 - - [18/Sep/2017:14:33:32 +0000] \"POST /api/v1/token HTTP/1.1\" 200 409","timestamp":"2017-09-18T14:33:32.209Z"}
{"level":"info","message":"::1 - - [18/Sep/2017:14:33:52 +0000] \"GET /api/v1/users HTTP/1.1\" 401 -","timestamp":"2017-09-18T14:33:52.317Z"}
{"level":"info","message":"::1 - - [18/Sep/2017:14:34:05 +0000] \"GET /docs/swagger-ui.css HTTP/1.1\" 304 -","timestamp":"2017-09-18T14:34:05.252Z"}
{"level":"info","message":"::1 - - [18/Sep/2017:14:34:05 +0000] \"GET /docs/swagger-ui-bundle.js.map HTTP/1.1\" 304 -","timestamp":"2017-09-18T14:34:05.275Z"}
{"level":"info","message":"::1 - - [18/Sep/2017:14:34:05 +0000] \"GET /docs/swagger-ui-standalone-preset.js.map HTTP/1.1\" 304 -","timestamp":"2017-09-18T14:34:05.285Z"}
{"level":"info","message":"::1 - - [18/Sep/2017:14:34:05 +0000] \"GET /docs/swagger-ui.css.map HTTP/1.1\" 304 -","timestamp":"2017-09-18T14:34:05.294Z"}
{"level":"info","message":"::1 - - [18/Sep/2017:14:34:08 +0000] \"GET /docs/ HTTP/1.1\" 304 -","timestamp":"2017-09-18T14:34:08.027Z"}
{"level":"info","message":"::1 - - [18/Sep/2017:14:34:08 +0000] \"GET /docs/swagger-ui-bundle.js HTTP/1.1\" 304 -","timestamp":"2017-09-18T14:34:08.054Z"}
{"level":"info","message":"::1 - - [18/Sep/2017:14:34:08 +0000] \"GET /docs/swagger-ui.css HTTP/1.1\" 304 -","timestamp":"2017-09-18T14:34:08.047Z"}
{"level":"info","message":"::1 - - [18/Sep/2017:14:34:08 +0000] \"GET /docs/swagger-ui-standalone-preset.js HTTP/1.1\" 304 -","timestamp":"2017-09-18T14:34:08.056Z"}
{"level":"info","message":"::1 - - [18/Sep/2017:14:34:08 +0000] \"GET /docs/swagger-ui-bundle.js.map HTTP/1.1\" 304 -","timestamp":"2017-09-18T14:34:08.514Z"}
{"level":"info","message":"::1 - - [18/Sep/2017:14:34:08 +0000] \"GET /docs/swagger-ui-standalone-preset.js.map HTTP/1.1\" 304 -","timestamp":"2017-09-18T14:34:08.593Z"}
{"level":"info","message":"::1 - - [18/Sep/2017:14:34:08 +0000] \"GET /docs/swagger-ui.css.map HTTP/1.1\" 304 -","timestamp":"2017-09-18T14:34:08.601Z"}
{"level":"info","message":"::1 - - [18/Sep/2017:14:34:08 +0000] \"GET /api/v1/swagger.json HTTP/1.1\" 304 -","timestamp":"2017-09-18T14:34:08.619Z"}
{"level":"info","message":"::1 - - [18/Sep/2017:14:34:23 +0000] \"GET /api/v1/users HTTP/1.1\" 401 -","timestamp":"2017-09-18T14:34:23.192Z"}
{"level":"info","message":"::1 - - [18/Sep/2017:14:34:45 +0000] \"GET /docs/ HTTP/1.1\" 200 3832","timestamp":"2017-09-18T14:34:45.165Z"}
{"level":"info","message":"::1 - - [18/Sep/2017:14:34:45 +0000] \"GET /docs/swagger-ui.css HTTP/1.1\" 304 -","timestamp":"2017-09-18T14:34:45.198Z"}
{"level":"info","message":"::1 - - [18/Sep/2017:14:34:45 +0000] \"GET /docs/swagger-ui-bundle.js HTTP/1.1\" 304 -","timestamp":"2017-09-18T14:34:45.203Z"}
{"level":"info","message":"::1 - - [18/Sep/2017:14:34:45 +0000] \"GET /docs/swagger-ui-standalone-preset.js HTTP/1.1\" 304 -","timestamp":"2017-09-18T14:34:45.214Z"}
{"level":"info","message":"::1 - - [18/Sep/2017:14:34:45 +0000] \"GET /docs/swagger-ui-bundle.js.map HTTP/1.1\" 304 -","timestamp":"2017-09-18T14:34:45.797Z"}
{"level":"info","message":"::1 - - [18/Sep/2017:14:34:45 +0000] \"GET /docs/swagger-ui-standalone-preset.js.map HTTP/1.1\" 304 -","timestamp":"2017-09-18T14:34:45.797Z"}
{"level":"info","message":"::1 - - [18/Sep/2017:14:34:45 +0000] \"GET /api/v1/swagger.json HTTP/1.1\" 304 -","timestamp":"2017-09-18T14:34:45.829Z"}
{"level":"info","message":"::1 - - [18/Sep/2017:14:34:45 +0000] \"GET /docs/swagger-ui.css.map HTTP/1.1\" 304 -","timestamp":"2017-09-18T14:34:45.851Z"}
{"level":"info","message":"::1 - - [18/Sep/2017:14:34:51 +0000] \"GET /api/v1/users HTTP/1.1\" 401 -","timestamp":"2017-09-18T14:34:51.174Z"}
{"level":"info","message":" API - Port 4000","timestamp":"2017-09-18T14:44:43.493Z"}
{"level":"info","message":" API - Port 4000","timestamp":"2017-09-18T14:44:43.495Z"}
{"level":"info","message":" API - Port 4000","timestamp":"2017-09-18T14:44:43.505Z"}
{"level":"info","message":"::1 - - [18/Sep/2017:14:44:43 +0000] \"GET /docs/ HTTP/1.1\" 200 3832","timestamp":"2017-09-18T14:44:43.727Z"}
{"level":"info","message":"::1 - - [18/Sep/2017:14:44:43 +0000] \"GET /docs/swagger-ui.css HTTP/1.1\" 304 -","timestamp":"2017-09-18T14:44:43.819Z"}
{"level":"info","message":"::1 - - [18/Sep/2017:14:44:43 +0000] \"GET /docs/swagger-ui-standalone-preset.js HTTP/1.1\" 304 -","timestamp":"2017-09-18T14:44:43.828Z"}
{"level":"info","message":"::1 - - [18/Sep/2017:14:44:43 +0000] \"GET /docs/swagger-ui-bundle.js HTTP/1.1\" 304 -","timestamp":"2017-09-18T14:44:43.844Z"}
{"level":"info","message":"::1 - - [18/Sep/2017:14:44:44 +0000] \"GET /docs/swagger-ui-bundle.js.map HTTP/1.1\" 304 -","timestamp":"2017-09-18T14:44:44.429Z"}
{"level":"info","message":"::1 - - [18/Sep/2017:14:44:44 +0000] \"GET /docs/swagger-ui-standalone-preset.js.map HTTP/1.1\" 304 -","timestamp":"2017-09-18T14:44:44.431Z"}
{"level":"info","message":"::1 - - [18/Sep/2017:14:44:44 +0000] \"GET /docs/swagger-ui.css.map HTTP/1.1\" 304 -","timestamp":"2017-09-18T14:44:44.476Z"}
{"level":"info","message":"::1 - - [18/Sep/2017:14:44:44 +0000] \"GET /api/v1/swagger.json HTTP/1.1\" 200 -","timestamp":"2017-09-18T14:44:44.481Z"}
{"level":"info","message":"::1 - - [18/Sep/2017:14:45:03 +0000] \"POST /api/v1/token HTTP/1.1\" 200 409","timestamp":"2017-09-18T14:45:03.183Z"}
{"level":"info","message":"::1 - - [18/Sep/2017:14:45:27 +0000] \"GET /api/v1/users HTTP/1.1\" 401 -","timestamp":"2017-09-18T14:45:27.365Z"}
{"level":"info","message":"::1 - - [18/Sep/2017:14:46:18 +0000] \"GET /api/v1/users HTTP/1.1\" 200 512","timestamp":"2017-09-18T14:46:18.716Z"}
{"level":"info","message":" API - Port 4000","timestamp":"2017-09-18T14:47:01.658Z"}
{"level":"info","message":" API - Port 4000","timestamp":"2017-09-18T14:47:01.659Z"}
{"level":"info","message":" API - Port 4000","timestamp":"2017-09-18T14:47:01.661Z"}
{"level":"info","message":"::1 - - [18/Sep/2017:14:47:02 +0000] \"GET /docs/ HTTP/1.1\" 200 3829","timestamp":"2017-09-18T14:47:02.629Z"}
{"level":"info","message":"::1 - - [18/Sep/2017:14:47:02 +0000] \"GET /docs/swagger-ui.css HTTP/1.1\" 304 -","timestamp":"2017-09-18T14:47:02.657Z"}
{"level":"info","message":"::1 - - [18/Sep/2017:14:47:02 +0000] \"GET /docs/swagger-ui-standalone-preset.js HTTP/1.1\" 304 -","timestamp":"2017-09-18T14:47:02.697Z"}
{"level":"info","message":"::1 - - [18/Sep/2017:14:47:02 +0000] \"GET /docs/swagger-ui-bundle.js HTTP/1.1\" 304 -","timestamp":"2017-09-18T14:47:02.700Z"}
{"level":"info","message":"::1 - - [18/Sep/2017:14:47:03 +0000] \"GET /docs/swagger-ui-bundle.js.map HTTP/1.1\" 304 -","timestamp":"2017-09-18T14:47:03.208Z"}
{"level":"info","message":"::1 - - [18/Sep/2017:14:47:03 +0000] \"GET /docs/swagger-ui-standalone-preset.js.map HTTP/1.1\" 304 -","timestamp":"2017-09-18T14:47:03.210Z"}
{"level":"info","message":"::1 - - [18/Sep/2017:14:47:03 +0000] \"GET /docs/swagger-ui.css.map HTTP/1.1\" 304 -","timestamp":"2017-09-18T14:47:03.216Z"}
{"level":"info","message":"::1 - - [18/Sep/2017:14:47:03 +0000] \"GET /api/v1/swagger.json HTTP/1.1\" 304 -","timestamp":"2017-09-18T14:47:03.235Z"}
{"level":"info","message":"::1 - - [18/Sep/2017:14:47:16 +0000] \"GET /api/v1/users HTTP/1.1\" 401 -","timestamp":"2017-09-18T14:47:16.898Z"}
{"level":"info","message":" API - Port 4000","timestamp":"2017-09-18T14:47:45.380Z"}
{"level":"info","message":" API - Port 4000","timestamp":"2017-09-18T14:47:45.402Z"}
{"level":"info","message":" API - Port 4000","timestamp":"2017-09-18T14:47:45.509Z"}
{"level":"info","message":"::1 - - [18/Sep/2017:14:47:47 +0000] \"GET /docs/ HTTP/1.1\" 200 3836","timestamp":"2017-09-18T14:47:47.777Z"}
{"level":"info","message":"::1 - - [18/Sep/2017:14:47:47 +0000] \"GET /docs/swagger-ui.css HTTP/1.1\" 304 -","timestamp":"2017-09-18T14:47:47.796Z"}
{"level":"info","message":"::1 - - [18/Sep/2017:14:47:47 +0000] \"GET /docs/swagger-ui-bundle.js HTTP/1.1\" 304 -","timestamp":"2017-09-18T14:47:47.831Z"}
{"level":"info","message":"::1 - - [18/Sep/2017:14:47:47 +0000] \"GET /docs/swagger-ui-standalone-preset.js HTTP/1.1\" 304 -","timestamp":"2017-09-18T14:47:47.839Z"}
{"level":"info","message":"::1 - - [18/Sep/2017:14:47:48 +0000] \"GET /docs/swagger-ui-standalone-preset.js.map HTTP/1.1\" 304 -","timestamp":"2017-09-18T14:47:48.352Z"}
{"level":"info","message":"::1 - - [18/Sep/2017:14:47:48 +0000] \"GET /docs/swagger-ui-bundle.js.map HTTP/1.1\" 304 -","timestamp":"2017-09-18T14:47:48.352Z"}
{"level":"info","message":"::1 - - [18/Sep/2017:14:47:48 +0000] \"GET /docs/swagger-ui.css.map HTTP/1.1\" 304 -","timestamp":"2017-09-18T14:47:48.363Z"}
{"level":"info","message":"::1 - - [18/Sep/2017:14:47:48 +0000] \"GET /api/v1/swagger.json HTTP/1.1\" 304 -","timestamp":"2017-09-18T14:47:48.382Z"}
{"level":"info","message":"::1 - - [18/Sep/2017:14:48:09 +0000] \"POST /api/v1/token HTTP/1.1\" 200 409","timestamp":"2017-09-18T14:48:09.138Z"}
{"level":"info","message":"::1 - - [18/Sep/2017:14:48:10 +0000] \"POST /api/v1/token HTTP/1.1\" 200 409","timestamp":"2017-09-18T14:48:10.222Z"}
{"level":"info","message":"::1 - - [18/Sep/2017:14:48:34 +0000] \"GET /api/v1/users HTTP/1.1\" 200 512","timestamp":"2017-09-18T14:48:34.416Z"}
{"level":"info","message":" API - Port 4000","timestamp":"2017-09-18T14:48:57.027Z"}
{"level":"info","message":" API - Port 4000","timestamp":"2017-09-18T14:48:57.041Z"}
{"level":"info","message":" API - Port 4000","timestamp":"2017-09-18T14:48:57.104Z"}
{"level":"info","message":"::1 - - [18/Sep/2017:14:48:58 +0000] \"GET /docs/ HTTP/1.1\" 200 3872","timestamp":"2017-09-18T14:48:58.548Z"}
{"level":"info","message":"::1 - - [18/Sep/2017:14:48:58 +0000] \"GET /docs/swagger-ui.css HTTP/1.1\" 304 -","timestamp":"2017-09-18T14:48:58.563Z"}
{"level":"info","message":"::1 - - [18/Sep/2017:14:48:58 +0000] \"GET /docs/swagger-ui-bundle.js HTTP/1.1\" 304 -","timestamp":"2017-09-18T14:48:58.609Z"}
{"level":"info","message":"::1 - - [18/Sep/2017:14:48:58 +0000] \"GET /docs/swagger-ui-standalone-preset.js HTTP/1.1\" 304 -","timestamp":"2017-09-18T14:48:58.613Z"}
{"level":"info","message":"::1 - - [18/Sep/2017:14:48:59 +0000] \"GET /docs/swagger-ui-standalone-preset.js.map HTTP/1.1\" 304 -","timestamp":"2017-09-18T14:48:59.118Z"}
{"level":"info","message":"::1 - - [18/Sep/2017:14:48:59 +0000] \"GET /docs/swagger-ui-bundle.js.map HTTP/1.1\" 304 -","timestamp":"2017-09-18T14:48:59.118Z"}
{"level":"info","message":"::1 - - [18/Sep/2017:14:48:59 +0000] \"GET /docs/swagger-ui.css.map HTTP/1.1\" 304 -","timestamp":"2017-09-18T14:48:59.130Z"}
{"level":"info","message":"::1 - - [18/Sep/2017:14:48:59 +0000] \"GET /api/v1/swagger.json HTTP/1.1\" 304 -","timestamp":"2017-09-18T14:48:59.139Z"}
{"level":"info","message":"::1 - - [18/Sep/2017:14:49:17 +0000] \"GET /api/v1/users HTTP/1.1\" 200 512","timestamp":"2017-09-18T14:49:17.735Z"}
{"level":"info","message":"::1 - - [18/Sep/2017:14:58:02 +0000] \"GET /docs/ HTTP/1.1\" 304 -","timestamp":"2017-09-18T14:58:02.406Z"}
{"level":"info","message":"::1 - - [18/Sep/2017:14:58:02 +0000] \"GET /docs/swagger-ui-standalone-preset.js HTTP/1.1\" 304 -","timestamp":"2017-09-18T14:58:02.525Z"}
{"level":"info","message":"::1 - - [18/Sep/2017:14:58:02 +0000] \"GET /docs/swagger-ui-bundle.js HTTP/1.1\" 304 -","timestamp":"2017-09-18T14:58:02.526Z"}
{"level":"info","message":"::1 - - [18/Sep/2017:14:58:02 +0000] \"GET /docs/swagger-ui.css HTTP/1.1\" 304 -","timestamp":"2017-09-18T14:58:02.528Z"}
{"level":"info","message":"::1 - - [18/Sep/2017:14:58:03 +0000] \"GET /docs/swagger-ui-bundle.js.map HTTP/1.1\" 304 -","timestamp":"2017-09-18T14:58:03.107Z"}
{"level":"info","message":"::1 - - [18/Sep/2017:14:58:03 +0000] \"GET /docs/swagger-ui-standalone-preset.js.map HTTP/1.1\" 304 -","timestamp":"2017-09-18T14:58:03.108Z"}
{"level":"info","message":"::1 - - [18/Sep/2017:14:58:03 +0000] \"GET /docs/swagger-ui.css.map HTTP/1.1\" 304 -","timestamp":"2017-09-18T14:58:03.117Z"}
{"level":"info","message":"::1 - - [18/Sep/2017:14:58:03 +0000] \"GET /api/v1/swagger.json HTTP/1.1\" 304 -","timestamp":"2017-09-18T14:58:03.139Z"}
{"level":"info","message":" API - Port 4000","timestamp":"2017-09-18T14:58:08.082Z"}
{"level":"info","message":" API - Port 4000","timestamp":"2017-09-18T14:58:08.083Z"}
{"level":"info","message":" API - Port 4000","timestamp":"2017-09-18T14:58:08.086Z"}
{"level":"info","message":" API - Port 4000","timestamp":"2017-09-18T14:58:36.400Z"}
{"level":"info","message":" API - Port 4000","timestamp":"2017-09-18T14:58:36.417Z"}
{"level":"info","message":" API - Port 4000","timestamp":"2017-09-18T14:58:36.518Z"}
{"level":"info","message":"::1 - - [18/Sep/2017:14:58:43 +0000] \"GET /api/v1/swagger.json HTTP/1.1\" 200 -","timestamp":"2017-09-18T14:58:43.783Z"}
{"level":"info","message":"::1 - - [18/Sep/2017:14:58:51 +0000] \"GET /docs/ HTTP/1.1\" 304 -","timestamp":"2017-09-18T14:58:51.306Z"}
{"level":"info","message":"::1 - - [18/Sep/2017:14:58:51 +0000] \"GET /docs/swagger-ui-standalone-preset.js HTTP/1.1\" 304 -","timestamp":"2017-09-18T14:58:51.332Z"}
{"level":"info","message":"::1 - - [18/Sep/2017:14:58:51 +0000] \"GET /docs/swagger-ui.css HTTP/1.1\" 304 -","timestamp":"2017-09-18T14:58:51.335Z"}
{"level":"info","message":"::1 - - [18/Sep/2017:14:58:51 +0000] \"GET /docs/swagger-ui-bundle.js HTTP/1.1\" 304 -","timestamp":"2017-09-18T14:58:51.358Z"}
{"level":"info","message":"::1 - - [18/Sep/2017:14:58:51 +0000] \"GET /docs/swagger-ui-standalone-preset.js.map HTTP/1.1\" 304 -","timestamp":"2017-09-18T14:58:51.875Z"}
{"level":"info","message":"::1 - - [18/Sep/2017:14:58:51 +0000] \"GET /docs/swagger-ui-bundle.js.map HTTP/1.1\" 304 -","timestamp":"2017-09-18T14:58:51.877Z"}
{"level":"info","message":"::1 - - [18/Sep/2017:14:58:51 +0000] \"GET /docs/swagger-ui.css.map HTTP/1.1\" 304 -","timestamp":"2017-09-18T14:58:51.886Z"}
{"level":"info","message":"::1 - - [18/Sep/2017:14:58:51 +0000] \"GET /api/v1/swagger.json HTTP/1.1\" 200 -","timestamp":"2017-09-18T14:58:51.913Z"}
{"level":"info","message":" API - Port 4000","timestamp":"2017-09-18T15:01:50.784Z"}
{"level":"info","message":" API - Port 4000","timestamp":"2017-09-18T15:01:50.785Z"}
{"level":"info","message":" API - Port 4000","timestamp":"2017-09-18T15:01:50.786Z"}
{"level":"info","message":"::1 - - [18/Sep/2017:15:01:52 +0000] \"GET /docs/ HTTP/1.1\" 304 -","timestamp":"2017-09-18T15:01:52.455Z"}
{"level":"info","message":"::1 - - [18/Sep/2017:15:01:52 +0000] \"GET /docs/swagger-ui.css HTTP/1.1\" 304 -","timestamp":"2017-09-18T15:01:52.472Z"}
{"level":"info","message":"::1 - - [18/Sep/2017:15:01:52 +0000] \"GET /docs/swagger-ui-standalone-preset.js HTTP/1.1\" 304 -","timestamp":"2017-09-18T15:01:52.518Z"}
{"level":"info","message":"::1 - - [18/Sep/2017:15:01:52 +0000] \"GET /docs/swagger-ui-bundle.js HTTP/1.1\" 304 -","timestamp":"2017-09-18T15:01:52.526Z"}
{"level":"info","message":"::1 - - [18/Sep/2017:15:01:53 +0000] \"GET /docs/swagger-ui-standalone-preset.js.map HTTP/1.1\" 304 -","timestamp":"2017-09-18T15:01:53.055Z"}
{"level":"info","message":"::1 - - [18/Sep/2017:15:01:53 +0000] \"GET /docs/swagger-ui-bundle.js.map HTTP/1.1\" 304 -","timestamp":"2017-09-18T15:01:53.057Z"}
{"level":"info","message":"::1 - - [18/Sep/2017:15:01:53 +0000] \"GET /docs/swagger-ui.css.map HTTP/1.1\" 304 -","timestamp":"2017-09-18T15:01:53.065Z"}
{"level":"info","message":"::1 - - [18/Sep/2017:15:01:53 +0000] \"GET /api/v1/swagger.json HTTP/1.1\" 200 -","timestamp":"2017-09-18T15:01:53.084Z"}
{"level":"info","message":" API - Port 4000","timestamp":"2017-09-18T15:02:28.559Z"}
{"level":"info","message":" API - Port 4000","timestamp":"2017-09-18T15:02:28.561Z"}
{"level":"info","message":" API - Port 4000","timestamp":"2017-09-18T15:02:28.566Z"}
{"level":"info","message":"::1 - - [18/Sep/2017:15:02:28 +0000] \"GET /docs/ HTTP/1.1\" 304 -","timestamp":"2017-09-18T15:02:28.975Z"}
{"level":"info","message":"::1 - - [18/Sep/2017:15:02:28 +0000] \"GET /docs/swagger-ui.css HTTP/1.1\" 304 -","timestamp":"2017-09-18T15:02:28.993Z"}
{"level":"info","message":"::1 - - [18/Sep/2017:15:02:29 +0000] \"GET /docs/swagger-ui-standalone-preset.js HTTP/1.1\" 304 -","timestamp":"2017-09-18T15:02:29.051Z"}
{"level":"info","message":"::1 - - [18/Sep/2017:15:02:29 +0000] \"GET /docs/swagger-ui-bundle.js HTTP/1.1\" 304 -","timestamp":"2017-09-18T15:02:29.053Z"}
{"level":"info","message":"::1 - - [18/Sep/2017:15:02:29 +0000] \"GET /docs/swagger-ui-bundle.js.map HTTP/1.1\" 304 -","timestamp":"2017-09-18T15:02:29.548Z"}
{"level":"info","message":"::1 - - [18/Sep/2017:15:02:29 +0000] \"GET /docs/swagger-ui-standalone-preset.js.map HTTP/1.1\" 304 -","timestamp":"2017-09-18T15:02:29.547Z"}
{"level":"info","message":"::1 - - [18/Sep/2017:15:02:29 +0000] \"GET /docs/swagger-ui.css.map HTTP/1.1\" 304 -","timestamp":"2017-09-18T15:02:29.555Z"}
{"level":"info","message":"::1 - - [18/Sep/2017:15:02:29 +0000] \"GET /api/v1/swagger.json HTTP/1.1\" 200 -","timestamp":"2017-09-18T15:02:29.583Z"}
{"level":"info","message":"::1 - - [18/Sep/2017:15:02:30 +0000] \"GET /docs/ HTTP/1.1\" 304 -","timestamp":"2017-09-18T15:02:30.095Z"}
{"level":"info","message":"::1 - - [18/Sep/2017:15:02:30 +0000] \"GET /docs/swagger-ui-bundle.js HTTP/1.1\" 304 -","timestamp":"2017-09-18T15:02:30.111Z"}
{"level":"info","message":"::1 - - [18/Sep/2017:15:02:30 +0000] \"GET /docs/swagger-ui.css HTTP/1.1\" 304 -","timestamp":"2017-09-18T15:02:30.111Z"}
{"level":"info","message":"::1 - - [18/Sep/2017:15:02:30 +0000] \"GET /docs/swagger-ui-standalone-preset.js HTTP/1.1\" 304 -","timestamp":"2017-09-18T15:02:30.116Z"}
{"level":"info","message":"::1 - - [18/Sep/2017:15:02:30 +0000] \"GET /docs/swagger-ui-bundle.js.map HTTP/1.1\" 304 -","timestamp":"2017-09-18T15:02:30.624Z"}
{"level":"info","message":"::1 - - [18/Sep/2017:15:02:30 +0000] \"GET /docs/swagger-ui-standalone-preset.js.map HTTP/1.1\" 304 -","timestamp":"2017-09-18T15:02:30.625Z"}
{"level":"info","message":"::1 - - [18/Sep/2017:15:02:30 +0000] \"GET /docs/swagger-ui.css.map HTTP/1.1\" 304 -","timestamp":"2017-09-18T15:02:30.634Z"}
{"level":"info","message":"::1 - - [18/Sep/2017:15:02:30 +0000] \"GET /api/v1/swagger.json HTTP/1.1\" 304 -","timestamp":"2017-09-18T15:02:30.652Z"}
{"level":"info","message":" API - Port 4000","timestamp":"2017-09-18T15:02:51.371Z"}
{"level":"info","message":" API - Port 4000","timestamp":"2017-09-18T15:02:51.374Z"}
{"level":"info","message":" API - Port 4000","timestamp":"2017-09-18T15:02:51.374Z"}
{"level":"info","message":"::1 - - [18/Sep/2017:15:02:55 +0000] \"GET /docs/ HTTP/1.1\" 304 -","timestamp":"2017-09-18T15:02:55.039Z"}
{"level":"info","message":"::1 - - [18/Sep/2017:15:02:55 +0000] \"GET /docs/swagger-ui.css HTTP/1.1\" 304 -","timestamp":"2017-09-18T15:02:55.056Z"}
{"level":"info","message":"::1 - - [18/Sep/2017:15:02:55 +0000] \"GET /docs/swagger-ui-bundle.js HTTP/1.1\" 304 -","timestamp":"2017-09-18T15:02:55.094Z"}
{"level":"info","message":"::1 - - [18/Sep/2017:15:02:55 +0000] \"GET /docs/swagger-ui-standalone-preset.js HTTP/1.1\" 304 -","timestamp":"2017-09-18T15:02:55.098Z"}
{"level":"info","message":"::1 - - [18/Sep/2017:15:02:55 +0000] \"GET /docs/swagger-ui-bundle.js.map HTTP/1.1\" 304 -","timestamp":"2017-09-18T15:02:55.601Z"}
{"level":"info","message":"::1 - - [18/Sep/2017:15:02:55 +0000] \"GET /docs/swagger-ui-standalone-preset.js.map HTTP/1.1\" 304 -","timestamp":"2017-09-18T15:02:55.605Z"}
{"level":"info","message":"::1 - - [18/Sep/2017:15:02:55 +0000] \"GET /docs/swagger-ui.css.map HTTP/1.1\" 304 -","timestamp":"2017-09-18T15:02:55.610Z"}
{"level":"info","message":"::1 - - [18/Sep/2017:15:02:55 +0000] \"GET /api/v1/swagger.json HTTP/1.1\" 200 -","timestamp":"2017-09-18T15:02:55.628Z"}
{"level":"info","message":" API - Port 4000","timestamp":"2017-09-18T15:03:26.496Z"}
{"level":"info","message":" API - Port 4000","timestamp":"2017-09-18T15:03:26.499Z"}
{"level":"info","message":" API - Port 4000","timestamp":"2017-09-18T15:03:26.499Z"}
{"level":"info","message":"::1 - - [18/Sep/2017:15:03:31 +0000] \"GET /docs/ HTTP/1.1\" 304 -","timestamp":"2017-09-18T15:03:31.835Z"}
{"level":"info","message":"::1 - - [18/Sep/2017:15:03:31 +0000] \"GET /docs/swagger-ui.css HTTP/1.1\" 304 -","timestamp":"2017-09-18T15:03:31.853Z"}
{"level":"info","message":"::1 - - [18/Sep/2017:15:03:31 +0000] \"GET /docs/swagger-ui-bundle.js HTTP/1.1\" 304 -","timestamp":"2017-09-18T15:03:31.889Z"}
{"level":"info","message":"::1 - - [18/Sep/2017:15:03:31 +0000] \"GET /docs/swagger-ui-standalone-preset.js HTTP/1.1\" 304 -","timestamp":"2017-09-18T15:03:31.900Z"}
{"level":"info","message":"::1 - - [18/Sep/2017:15:03:32 +0000] \"GET /docs/swagger-ui-standalone-preset.js.map HTTP/1.1\" 304 -","timestamp":"2017-09-18T15:03:32.401Z"}
{"level":"info","message":"::1 - - [18/Sep/2017:15:03:32 +0000] \"GET /docs/swagger-ui-bundle.js.map HTTP/1.1\" 304 -","timestamp":"2017-09-18T15:03:32.402Z"}
{"level":"info","message":"::1 - - [18/Sep/2017:15:03:32 +0000] \"GET /docs/swagger-ui.css.map HTTP/1.1\" 304 -","timestamp":"2017-09-18T15:03:32.408Z"}
{"level":"info","message":"::1 - - [18/Sep/2017:15:03:32 +0000] \"GET /api/v1/swagger.json HTTP/1.1\" 200 -","timestamp":"2017-09-18T15:03:32.431Z"}
{"level":"info","message":" API - Port 4000","timestamp":"2017-09-18T15:03:51.541Z"}
{"level":"info","message":" API - Port 4000","timestamp":"2017-09-18T15:03:51.543Z"}
{"level":"info","message":" API - Port 4000","timestamp":"2017-09-18T15:03:51.653Z"}
{"level":"info","message":"::1 - - [18/Sep/2017:15:03:54 +0000] \"GET /docs/ HTTP/1.1\" 304 -","timestamp":"2017-09-18T15:03:54.291Z"}
{"level":"info","message":"::1 - - [18/Sep/2017:15:03:54 +0000] \"GET /docs/swagger-ui.css HTTP/1.1\" 304 -","timestamp":"2017-09-18T15:03:54.305Z"}
{"level":"info","message":"::1 - - [18/Sep/2017:15:03:54 +0000] \"GET /docs/swagger-ui-bundle.js HTTP/1.1\" 304 -","timestamp":"2017-09-18T15:03:54.357Z"}
{"level":"info","message":"::1 - - [18/Sep/2017:15:03:54 +0000] \"GET /docs/swagger-ui-standalone-preset.js HTTP/1.1\" 304 -","timestamp":"2017-09-18T15:03:54.363Z"}
{"level":"info","message":"::1 - - [18/Sep/2017:15:03:54 +0000] \"GET /docs/swagger-ui-standalone-preset.js.map HTTP/1.1\" 304 -","timestamp":"2017-09-18T15:03:54.863Z"}
{"level":"info","message":"::1 - - [18/Sep/2017:15:03:54 +0000] \"GET /docs/swagger-ui-bundle.js.map HTTP/1.1\" 304 -","timestamp":"2017-09-18T15:03:54.864Z"}
{"level":"info","message":"::1 - - [18/Sep/2017:15:03:54 +0000] \"GET /docs/swagger-ui.css.map HTTP/1.1\" 304 -","timestamp":"2017-09-18T15:03:54.870Z"}
{"level":"info","message":"::1 - - [18/Sep/2017:15:03:54 +0000] \"GET /api/v1/swagger.json HTTP/1.1\" 200 -","timestamp":"2017-09-18T15:03:54.891Z"}
{"level":"info","message":" API - Port 4000","timestamp":"2017-09-18T15:05:40.534Z"}
{"level":"info","message":" API - Port 4000","timestamp":"2017-09-18T15:05:40.536Z"}
{"level":"info","message":" API - Port 4000","timestamp":"2017-09-18T15:05:40.537Z"}
{"level":"info","message":"::1 - - [18/Sep/2017:15:05:44 +0000] \"GET /docs/ HTTP/1.1\" 304 -","timestamp":"2017-09-18T15:05:44.322Z"}
{"level":"info","message":"::1 - - [18/Sep/2017:15:05:44 +0000] \"GET /docs/swagger-ui.css HTTP/1.1\" 304 -","timestamp":"2017-09-18T15:05:44.343Z"}
{"level":"info","message":"::1 - - [18/Sep/2017:15:05:44 +0000] \"GET /docs/swagger-ui-bundle.js HTTP/1.1\" 304 -","timestamp":"2017-09-18T15:05:44.379Z"}
{"level":"info","message":"::1 - - [18/Sep/2017:15:05:44 +0000] \"GET /docs/swagger-ui-standalone-preset.js HTTP/1.1\" 304 -","timestamp":"2017-09-18T15:05:44.389Z"}
{"level":"info","message":"::1 - - [18/Sep/2017:15:05:44 +0000] \"GET /docs/swagger-ui-bundle.js.map HTTP/1.1\" 304 -","timestamp":"2017-09-18T15:05:44.891Z"}
{"level":"info","message":"::1 - - [18/Sep/2017:15:05:44 +0000] \"GET /docs/swagger-ui-standalone-preset.js.map HTTP/1.1\" 304 -","timestamp":"2017-09-18T15:05:44.893Z"}
{"level":"info","message":"::1 - - [18/Sep/2017:15:05:44 +0000] \"GET /docs/swagger-ui.css.map HTTP/1.1\" 304 -","timestamp":"2017-09-18T15:05:44.899Z"}
{"level":"info","message":"::1 - - [18/Sep/2017:15:05:44 +0000] \"GET /api/v1/swagger.json HTTP/1.1\" 200 -","timestamp":"2017-09-18T15:05:44.922Z"}
{"level":"info","message":" API - Port 4000","timestamp":"2017-09-18T15:13:45.905Z"}
{"level":"info","message":" API - Port 4000","timestamp":"2017-09-18T15:13:45.908Z"}
{"level":"info","message":" API - Port 4000","timestamp":"2017-09-18T15:13:45.909Z"}
{"level":"info","message":"::1 - - [18/Sep/2017:15:13:48 +0000] \"GET /docs/ HTTP/1.1\" 304 -","timestamp":"2017-09-18T15:13:48.079Z"}
{"level":"info","message":"::1 - - [18/Sep/2017:15:13:48 +0000] \"GET /docs/swagger-ui.css HTTP/1.1\" 304 -","timestamp":"2017-09-18T15:13:48.115Z"}
{"level":"info","message":"::1 - - [18/Sep/2017:15:13:48 +0000] \"GET /docs/swagger-ui-standalone-preset.js HTTP/1.1\" 304 -","timestamp":"2017-09-18T15:13:48.221Z"}
{"level":"info","message":"::1 - - [18/Sep/2017:15:13:48 +0000] \"GET /docs/swagger-ui-bundle.js HTTP/1.1\" 304 -","timestamp":"2017-09-18T15:13:48.225Z"}
{"level":"info","message":"::1 - - [18/Sep/2017:15:13:48 +0000] \"GET /docs/swagger-ui-bundle.js.map HTTP/1.1\" 304 -","timestamp":"2017-09-18T15:13:48.723Z"}
{"level":"info","message":"::1 - - [18/Sep/2017:15:13:48 +0000] \"GET /docs/swagger-ui-standalone-preset.js.map HTTP/1.1\" 304 -","timestamp":"2017-09-18T15:13:48.724Z"}
{"level":"info","message":"::1 - - [18/Sep/2017:15:13:48 +0000] \"GET /docs/swagger-ui.css.map HTTP/1.1\" 304 -","timestamp":"2017-09-18T15:13:48.732Z"}
{"level":"info","message":"::1 - - [18/Sep/2017:15:13:48 +0000] \"GET /api/v1/swagger.json HTTP/1.1\" 200 -","timestamp":"2017-09-18T15:13:48.763Z"}
{"level":"info","message":" API - Port 4000","timestamp":"2017-09-18T15:16:01.466Z"}
{"level":"info","message":" API - Port 4000","timestamp":"2017-09-18T15:16:01.467Z"}
{"level":"info","message":" API - Port 4000","timestamp":"2017-09-18T15:16:01.470Z"}
{"level":"info","message":"::1 - - [18/Sep/2017:15:16:05 +0000] \"GET /docs/ HTTP/1.1\" 304 -","timestamp":"2017-09-18T15:16:05.692Z"}
{"level":"info","message":"::1 - - [18/Sep/2017:15:16:05 +0000] \"GET /docs/swagger-ui.css HTTP/1.1\" 304 -","timestamp":"2017-09-18T15:16:05.716Z"}
{"level":"info","message":"::1 - - [18/Sep/2017:15:16:05 +0000] \"GET /docs/swagger-ui-standalone-preset.js HTTP/1.1\" 304 -","timestamp":"2017-09-18T15:16:05.760Z"}
{"level":"info","message":"::1 - - [18/Sep/2017:15:16:05 +0000] \"GET /docs/swagger-ui-bundle.js HTTP/1.1\" 304 -","timestamp":"2017-09-18T15:16:05.761Z"}
{"level":"info","message":"::1 - - [18/Sep/2017:15:16:06 +0000] \"GET /docs/swagger-ui-standalone-preset.js.map HTTP/1.1\" 304 -","timestamp":"2017-09-18T15:16:06.274Z"}
{"level":"info","message":"::1 - - [18/Sep/2017:15:16:06 +0000] \"GET /docs/swagger-ui-bundle.js.map HTTP/1.1\" 304 -","timestamp":"2017-09-18T15:16:06.275Z"}
{"level":"info","message":"::1 - - [18/Sep/2017:15:16:06 +0000] \"GET /docs/swagger-ui.css.map HTTP/1.1\" 304 -","timestamp":"2017-09-18T15:16:06.282Z"}
{"level":"info","message":"::1 - - [18/Sep/2017:15:16:06 +0000] \"GET /api/v1/swagger.json HTTP/1.1\" 200 -","timestamp":"2017-09-18T15:16:06.309Z"}
{"level":"info","message":"::1 - - [18/Sep/2017:15:17:23 +0000] \"POST /api/v1/token HTTP/1.1\" 200 409","timestamp":"2017-09-18T15:17:23.892Z"}
{"message":"[tcomb] Invalid value undefined supplied to Struct{id: ?String, firstName: String, lastName: String, middleName: String, email: String, password: ?String, roleId: Number, verificationCode: ?String, isVerified: ?Number, isDeleted: Number, createdBy: String}/lastName: String","stack":"TypeError: [tcomb] Invalid value undefined supplied to Struct{id: ?String, firstName: String, lastName: String, middleName: String, email: String, password: ?String, roleId: Number, verificationCode: ?String, isVerified: ?Number, isDeleted: Number, createdBy: String}/lastName: String\n    at Function.fail (/Users/joshuaalpuerto/www/payroll/api.payroll/node_modules/tcomb/lib/fail.js:2:9)\n    at assert (/Users/joshuaalpuerto/www/payroll/api.payroll/node_modules/tcomb/lib/assert.js:14:12)\n    at Irreducible (/Users/joshuaalpuerto/www/payroll/api.payroll/node_modules/tcomb/lib/irreducible.js:18:7)\n    at create (/Users/joshuaalpuerto/www/payroll/api.payroll/node_modules/tcomb/lib/create.js:9:104)\n    at new Struct (/Users/joshuaalpuerto/www/payroll/api.payroll/node_modules/tcomb/lib/struct.js:82:19)\n    at Struct (/Users/joshuaalpuerto/www/payroll/api.payroll/node_modules/tcomb/lib/struct.js:71:14)\n    at /Users/joshuaalpuerto/www/payroll/api.payroll/node_modules/ramda/src/internal/_pipe.js:3:27\n    at /Users/joshuaalpuerto/www/payroll/api.payroll/node_modules/ramda/src/internal/_arity.js:6:49\n    at Object.create (/Users/joshuaalpuerto/www/payroll/api.payroll/src/app/user/post.js:16:17)\n    at router.post (/Users/joshuaalpuerto/www/payroll/api.payroll/src/interfaces/http/modules/user/index.js:115:10)\n    at Layer.handle [as handle_request] (/Users/joshuaalpuerto/www/payroll/api.payroll/node_modules/express/lib/router/layer.js:95:5)\n    at next (/Users/joshuaalpuerto/www/payroll/api.payroll/node_modules/express/lib/router/route.js:137:13)\n    at Route.dispatch (/Users/joshuaalpuerto/www/payroll/api.payroll/node_modules/express/lib/router/route.js:112:3)\n    at Layer.handle [as handle_request] (/Users/joshuaalpuerto/www/payroll/api.payroll/node_modules/express/lib/router/layer.js:95:5)\n    at /Users/joshuaalpuerto/www/payroll/api.payroll/node_modules/express/lib/router/index.js:281:22\n    at Function.process_params (/Users/joshuaalpuerto/www/payroll/api.payroll/node_modules/express/lib/router/index.js:335:12)\n    at next (/Users/joshuaalpuerto/www/payroll/api.payroll/node_modules/express/lib/router/index.js:275:10)\n    at complete (/Users/joshuaalpuerto/www/payroll/api.payroll/node_modules/passport/lib/middleware/authenticate.js:263:13)\n    at /Users/joshuaalpuerto/www/payroll/api.payroll/node_modules/passport/lib/middleware/authenticate.js:270:15\n    at pass (/Users/joshuaalpuerto/www/payroll/api.payroll/node_modules/passport/lib/authenticator.js:431:14)\n    at Authenticator.transformAuthInfo (/Users/joshuaalpuerto/www/payroll/api.payroll/node_modules/passport/lib/authenticator.js:453:5)\n    at /Users/joshuaalpuerto/www/payroll/api.payroll/node_modules/passport/lib/middleware/authenticate.js:267:22","level":"error","timestamp":"2017-09-18T15:18:29.058Z"}
{"level":"info","message":"::1 - - [18/Sep/2017:15:18:29 +0000] \"POST /api/v1/users HTTP/1.1\" 500 -","timestamp":"2017-09-18T15:18:29.065Z"}
{"message":"Unexpected token } in JSON at position 45","stack":"SyntaxError: Unexpected token } in JSON at position 45\n    at JSON.parse (<anonymous>)\n    at parse (/Users/joshuaalpuerto/www/payroll/api.payroll/node_modules/body-parser/lib/types/json.js:89:19)\n    at /Users/joshuaalpuerto/www/payroll/api.payroll/node_modules/body-parser/lib/read.js:116:18\n    at invokeCallback (/Users/joshuaalpuerto/www/payroll/api.payroll/node_modules/raw-body/index.js:224:16)\n    at done (/Users/joshuaalpuerto/www/payroll/api.payroll/node_modules/raw-body/index.js:213:7)\n    at IncomingMessage.onEnd (/Users/joshuaalpuerto/www/payroll/api.payroll/node_modules/raw-body/index.js:273:7)\n    at emitNone (events.js:86:13)\n    at IncomingMessage.emit (events.js:186:7)\n    at endReadableNT (_stream_readable.js:974:12)\n    at _combinedTickCallback (internal/process/next_tick.js:74:11)\n    at process._tickDomainCallback (internal/process/next_tick.js:122:9)","expose":true,"statusCode":400,"status":400,"body":"{\n    \"email\": \"joshuacalpuerto@gmail.com\",\n }","type":"entity.parse.failed","level":"error","timestamp":"2017-09-18T15:18:48.978Z"}
{"level":"info","message":"::1 - - [18/Sep/2017:15:18:48 +0000] \"POST /api/v1/token HTTP/1.1\" 500 988","timestamp":"2017-09-18T15:18:48.981Z"}
{"message":"[tcomb] Invalid value undefined supplied to Struct{email: String, password: String}/password: String","stack":"TypeError: [tcomb] Invalid value undefined supplied to Struct{email: String, password: String}/password: String\n    at Function.fail (/Users/joshuaalpuerto/www/payroll/api.payroll/node_modules/tcomb/lib/fail.js:2:9)\n    at assert (/Users/joshuaalpuerto/www/payroll/api.payroll/node_modules/tcomb/lib/assert.js:14:12)\n    at Irreducible (/Users/joshuaalpuerto/www/payroll/api.payroll/node_modules/tcomb/lib/irreducible.js:18:7)\n    at create (/Users/joshuaalpuerto/www/payroll/api.payroll/node_modules/tcomb/lib/create.js:9:104)\n    at new Struct (/Users/joshuaalpuerto/www/payroll/api.payroll/node_modules/tcomb/lib/struct.js:82:19)\n    at Struct (/Users/joshuaalpuerto/www/payroll/api.payroll/node_modules/tcomb/lib/struct.js:71:14)\n    at Promise (/Users/joshuaalpuerto/www/payroll/api.payroll/src/app/token/post.js:16:29)\n    at Object.validate (/Users/joshuaalpuerto/www/payroll/api.payroll/src/app/token/post.js:14:12)\n    at router.post (/Users/joshuaalpuerto/www/payroll/api.payroll/src/interfaces/http/modules/token/index.js:65:10)\n    at Layer.handle [as handle_request] (/Users/joshuaalpuerto/www/payroll/api.payroll/node_modules/express/lib/router/layer.js:95:5)\n    at next (/Users/joshuaalpuerto/www/payroll/api.payroll/node_modules/express/lib/router/route.js:137:13)\n    at Route.dispatch (/Users/joshuaalpuerto/www/payroll/api.payroll/node_modules/express/lib/router/route.js:112:3)\n    at Layer.handle [as handle_request] (/Users/joshuaalpuerto/www/payroll/api.payroll/node_modules/express/lib/router/layer.js:95:5)\n    at /Users/joshuaalpuerto/www/payroll/api.payroll/node_modules/express/lib/router/index.js:281:22\n    at Function.process_params (/Users/joshuaalpuerto/www/payroll/api.payroll/node_modules/express/lib/router/index.js:335:12)\n    at next (/Users/joshuaalpuerto/www/payroll/api.payroll/node_modules/express/lib/router/index.js:275:10)\n    at Function.handle (/Users/joshuaalpuerto/www/payroll/api.payroll/node_modules/express/lib/router/index.js:174:3)\n    at router (/Users/joshuaalpuerto/www/payroll/api.payroll/node_modules/express/lib/router/index.js:47:12)\n    at Layer.handle [as handle_request] (/Users/joshuaalpuerto/www/payroll/api.payroll/node_modules/express/lib/router/layer.js:95:5)\n    at trim_prefix (/Users/joshuaalpuerto/www/payroll/api.payroll/node_modules/express/lib/router/index.js:317:13)\n    at /Users/joshuaalpuerto/www/payroll/api.payroll/node_modules/express/lib/router/index.js:284:7\n    at Function.process_params (/Users/joshuaalpuerto/www/payroll/api.payroll/node_modules/express/lib/router/index.js:335:12)","level":"error","timestamp":"2017-09-18T15:18:54.881Z"}
{"level":"info","message":"::1 - - [18/Sep/2017:15:18:54 +0000] \"POST /api/v1/token HTTP/1.1\" 400 177","timestamp":"2017-09-18T15:18:54.883Z"}
{"level":"info","message":" API - Port 4000","timestamp":"2017-09-18T15:23:28.407Z"}
{"level":"info","message":" API - Port 4000","timestamp":"2017-09-18T15:23:28.409Z"}
{"level":"info","message":" API - Port 4000","timestamp":"2017-09-18T15:23:28.409Z"}
{"level":"info","message":" API - Port 4000","timestamp":"2017-09-18T15:24:13.666Z"}
{"level":"info","message":" API - Port 4000","timestamp":"2017-09-18T15:24:13.698Z"}
{"level":"info","message":" API - Port 4000","timestamp":"2017-09-18T15:24:13.779Z"}
{"message":"[tcomb] Invalid value undefined supplied to Struct{id: ?String, firstName: String, lastName: String, middleName: String, email: String, password: ?String, roleId: Number, verificationCode: ?String, isVerified: ?Number, isDeleted: Number, createdBy: String}/middleName: String","stack":"TypeError: [tcomb] Invalid value undefined supplied to Struct{id: ?String, firstName: String, lastName: String, middleName: String, email: String, password: ?String, roleId: Number, verificationCode: ?String, isVerified: ?Number, isDeleted: Number, createdBy: String}/middleName: String\n    at Function.fail (/Users/joshuaalpuerto/www/payroll/api.payroll/node_modules/tcomb/lib/fail.js:2:9)\n    at assert (/Users/joshuaalpuerto/www/payroll/api.payroll/node_modules/tcomb/lib/assert.js:14:12)\n    at Irreducible (/Users/joshuaalpuerto/www/payroll/api.payroll/node_modules/tcomb/lib/irreducible.js:18:7)\n    at create (/Users/joshuaalpuerto/www/payroll/api.payroll/node_modules/tcomb/lib/create.js:9:104)\n    at new Struct (/Users/joshuaalpuerto/www/payroll/api.payroll/node_modules/tcomb/lib/struct.js:82:19)\n    at Struct (/Users/joshuaalpuerto/www/payroll/api.payroll/node_modules/tcomb/lib/struct.js:71:14)\n    at /Users/joshuaalpuerto/www/payroll/api.payroll/node_modules/ramda/src/internal/_pipe.js:3:27\n    at /Users/joshuaalpuerto/www/payroll/api.payroll/node_modules/ramda/src/internal/_arity.js:6:49\n    at Promise (/Users/joshuaalpuerto/www/payroll/api.payroll/src/app/user/post.js:18:21)\n    at Object.create (/Users/joshuaalpuerto/www/payroll/api.payroll/src/app/user/post.js:11:12)\n    at router.post (/Users/joshuaalpuerto/www/payroll/api.payroll/src/interfaces/http/modules/user/index.js:115:10)\n    at Layer.handle [as handle_request] (/Users/joshuaalpuerto/www/payroll/api.payroll/node_modules/express/lib/router/layer.js:95:5)\n    at next (/Users/joshuaalpuerto/www/payroll/api.payroll/node_modules/express/lib/router/route.js:137:13)\n    at Route.dispatch (/Users/joshuaalpuerto/www/payroll/api.payroll/node_modules/express/lib/router/route.js:112:3)\n    at Layer.handle [as handle_request] (/Users/joshuaalpuerto/www/payroll/api.payroll/node_modules/express/lib/router/layer.js:95:5)\n    at /Users/joshuaalpuerto/www/payroll/api.payroll/node_modules/express/lib/router/index.js:281:22\n    at Function.process_params (/Users/joshuaalpuerto/www/payroll/api.payroll/node_modules/express/lib/router/index.js:335:12)\n    at next (/Users/joshuaalpuerto/www/payroll/api.payroll/node_modules/express/lib/router/index.js:275:10)\n    at complete (/Users/joshuaalpuerto/www/payroll/api.payroll/node_modules/passport/lib/middleware/authenticate.js:263:13)\n    at /Users/joshuaalpuerto/www/payroll/api.payroll/node_modules/passport/lib/middleware/authenticate.js:270:15\n    at pass (/Users/joshuaalpuerto/www/payroll/api.payroll/node_modules/passport/lib/authenticator.js:431:14)\n    at Authenticator.transformAuthInfo (/Users/joshuaalpuerto/www/payroll/api.payroll/node_modules/passport/lib/authenticator.js:453:5)","level":"error","timestamp":"2017-09-18T15:24:15.821Z"}
{"level":"info","message":"::1 - - [18/Sep/2017:15:24:15 +0000] \"POST /api/v1/users HTTP/1.1\" 400 352","timestamp":"2017-09-18T15:24:15.828Z"}
{"message":"Validation error","stack":"SequelizeUniqueConstraintError: Validation error\n    at Query.formatError (/Users/joshuaalpuerto/www/payroll/api.payroll/node_modules/sequelize/lib/dialects/postgres/query.js:313:18)\n    at query.catch.err (/Users/joshuaalpuerto/www/payroll/api.payroll/node_modules/sequelize/lib/dialects/postgres/query.js:86:18)\nFrom previous event:\n    at Query.run (/Users/joshuaalpuerto/www/payroll/api.payroll/node_modules/sequelize/lib/dialects/postgres/query.js:79:23)\n    at retry (/Users/joshuaalpuerto/www/payroll/api.payroll/node_modules/sequelize/lib/sequelize.js:533:32)\n    at /Users/joshuaalpuerto/www/payroll/api.payroll/node_modules/retry-as-promised/index.js:40:21\n    at retryAsPromised (/Users/joshuaalpuerto/www/payroll/api.payroll/node_modules/retry-as-promised/index.js:30:10)\n    at Promise.try.then.connection (/Users/joshuaalpuerto/www/payroll/api.payroll/node_modules/sequelize/lib/sequelize.js:533:14)\nFrom previous event:\n    at Sequelize.query (/Users/joshuaalpuerto/www/payroll/api.payroll/node_modules/sequelize/lib/sequelize.js:529:8)\n    at QueryInterface.insert (/Users/joshuaalpuerto/www/payroll/api.payroll/node_modules/sequelize/lib/query-interface.js:524:27)\n    at Promise.try.then.then.then (/Users/joshuaalpuerto/www/payroll/api.payroll/node_modules/sequelize/lib/model.js:3589:56)\n    at runCallback (timers.js:651:20)\n    at tryOnImmediate (timers.js:624:5)\n    at processImmediate [as _immediateCallback] (timers.js:596:5)\nFrom previous event:\n    at model.save (/Users/joshuaalpuerto/www/payroll/api.payroll/node_modules/sequelize/lib/model.js:3565:8)\n    at Function.create (/Users/joshuaalpuerto/www/payroll/api.payroll/node_modules/sequelize/lib/model.js:1973:8)\n    at Object.create (/Users/joshuaalpuerto/www/payroll/api.payroll/src/infra/repositories/user.js:14:11)\n    at Promise (/Users/joshuaalpuerto/www/payroll/api.payroll/src/app/user/post.js:19:49)\n    at Object.create (/Users/joshuaalpuerto/www/payroll/api.payroll/src/app/user/post.js:11:12)\n    at router.post (/Users/joshuaalpuerto/www/payroll/api.payroll/src/interfaces/http/modules/user/index.js:115:10)\n    at Layer.handle [as handle_request] (/Users/joshuaalpuerto/www/payroll/api.payroll/node_modules/express/lib/router/layer.js:95:5)\n    at next (/Users/joshuaalpuerto/www/payroll/api.payroll/node_modules/express/lib/router/route.js:137:13)\n    at Route.dispatch (/Users/joshuaalpuerto/www/payroll/api.payroll/node_modules/express/lib/router/route.js:112:3)\n    at Layer.handle [as handle_request] (/Users/joshuaalpuerto/www/payroll/api.payroll/node_modules/express/lib/router/layer.js:95:5)\n    at /Users/joshuaalpuerto/www/payroll/api.payroll/node_modules/express/lib/router/index.js:281:22\n    at Function.process_params (/Users/joshuaalpuerto/www/payroll/api.payroll/node_modules/express/lib/router/index.js:335:12)\n    at next (/Users/joshuaalpuerto/www/payroll/api.payroll/node_modules/express/lib/router/index.js:275:10)\n    at complete (/Users/joshuaalpuerto/www/payroll/api.payroll/node_modules/passport/lib/middleware/authenticate.js:263:13)\n    at /Users/joshuaalpuerto/www/payroll/api.payroll/node_modules/passport/lib/middleware/authenticate.js:270:15\n    at pass (/Users/joshuaalpuerto/www/payroll/api.payroll/node_modules/passport/lib/authenticator.js:431:14)\n    at Authenticator.transformAuthInfo (/Users/joshuaalpuerto/www/payroll/api.payroll/node_modules/passport/lib/authenticator.js:453:5)\n    at /Users/joshuaalpuerto/www/payroll/api.payroll/node_modules/passport/lib/middleware/authenticate.js:267:22\n    at /Users/joshuaalpuerto/www/payroll/api.payroll/node_modules/passport/lib/http/request.js:52:7\n    at /Users/joshuaalpuerto/www/payroll/api.payroll/node_modules/passport/lib/sessionmanager.js:26:5\n    at pass (/Users/joshuaalpuerto/www/payroll/api.payroll/node_modules/passport/lib/authenticator.js:277:43)\n    at serialized (/Users/joshuaalpuerto/www/payroll/api.payroll/node_modules/passport/lib/authenticator.js:286:7)\n    at /Users/joshuaalpuerto/www/payroll/api.payroll/src/interfaces/http/auth.js:33:5\n    at pass (/Users/joshuaalpuerto/www/payroll/api.payroll/node_modules/passport/lib/authenticator.js:294:9)\n    at Authenticator.serializeUser (/Users/joshuaalpuerto/www/payroll/api.payroll/node_modules/passport/lib/authenticator.js:299:5)\nFrom previous event:\n    at JwtStrategy.Strategy [as _verify] (/Users/joshuaalpuerto/www/payroll/api.payroll/src/interfaces/http/auth.js:24:8)\n    at /Users/joshuaalpuerto/www/payroll/api.payroll/node_modules/passport-jwt/lib/strategy.js:123:34\n    at /Users/joshuaalpuerto/www/payroll/api.payroll/node_modules/passport-jwt/node_modules/jsonwebtoken/verify.js:27:18\n    at _combinedTickCallback (internal/process/next_tick.js:67:7)\n    at process._tickDomainCallback (internal/process/next_tick.js:122:9)","name":"SequelizeUniqueConstraintError","errors":[{"message":"email must be unique","type":"unique violation","path":"email","value":"testdev@gmail.com"}],"fields":{"email":"testdev@gmail.com"},"parent":{"name":"error","length":209,"severity":"ERROR","code":"23505","detail":"Key (email)=(testdev@gmail.com) already exists.","schema":"public","table":"users","constraint":"users_email_key","file":"nbtinsert.c","line":"433","routine":"_bt_check_unique","sql":"INSERT INTO \"users\" (\"id\",\"firstName\",\"lastName\",\"middleName\",\"email\",\"password\",\"roleId\",\"verificationCode\",\"isVerified\",\"isDeleted\",\"createdBy\") VALUES ('b00b12a5-f953-4a27-bb02-11012ea53d72','Test','Dev','Super Dev','testdev@gmail.com','$2a$10$b.ZBR.bWImWYUf9Wr2yTWOfb4Fkvju8fmK5HWh.s9M8s2yAzAljKu',1,0,0,0,'48e40a9c-c5e9-4d63-9aba-b77cdf4ca67b') RETURNING *;"},"original":{"name":"error","length":209,"severity":"ERROR","code":"23505","detail":"Key (email)=(testdev@gmail.com) already exists.","schema":"public","table":"users","constraint":"users_email_key","file":"nbtinsert.c","line":"433","routine":"_bt_check_unique","sql":"INSERT INTO \"users\" (\"id\",\"firstName\",\"lastName\",\"middleName\",\"email\",\"password\",\"roleId\",\"verificationCode\",\"isVerified\",\"isDeleted\",\"createdBy\") VALUES ('b00b12a5-f953-4a27-bb02-11012ea53d72','Test','Dev','Super Dev','testdev@gmail.com','$2a$10$b.ZBR.bWImWYUf9Wr2yTWOfb4Fkvju8fmK5HWh.s9M8s2yAzAljKu',1,0,0,0,'48e40a9c-c5e9-4d63-9aba-b77cdf4ca67b') RETURNING *;"},"sql":"INSERT INTO \"users\" (\"id\",\"firstName\",\"lastName\",\"middleName\",\"email\",\"password\",\"roleId\",\"verificationCode\",\"isVerified\",\"isDeleted\",\"createdBy\") VALUES ('b00b12a5-f953-4a27-bb02-11012ea53d72','Test','Dev','Super Dev','testdev@gmail.com','$2a$10$b.ZBR.bWImWYUf9Wr2yTWOfb4Fkvju8fmK5HWh.s9M8s2yAzAljKu',1,0,0,0,'48e40a9c-c5e9-4d63-9aba-b77cdf4ca67b') RETURNING *;","__stackCleaned__":true,"level":"error","timestamp":"2017-09-18T15:24:57.601Z"}
{"level":"info","message":"::1 - - [18/Sep/2017:15:24:57 +0000] \"POST /api/v1/users HTTP/1.1\" 400 93","timestamp":"2017-09-18T15:24:57.603Z"}
{"level":"info","message":"::1 - - [18/Sep/2017:15:25:09 +0000] \"POST /api/v1/users HTTP/1.1\" 200 358","timestamp":"2017-09-18T15:25:09.675Z"}
{"level":"info","message":"::1 - - [18/Sep/2017:15:27:59 +0000] \"PUT /api/v1/users/e6c95f36-810d-4b0f-906d-743cbc1544b4 HTTP/1.1\" 200 76","timestamp":"2017-09-18T15:27:59.355Z"}
{"message":"[tcomb] Invalid value undefined supplied to Struct{id: ?String, firstName: String, lastName: String, middleName: String, email: String, password: ?String, roleId: Number, verificationCode: ?String, isVerified: ?Number, isDeleted: Number, createdBy: String}/middleName: String","stack":"TypeError: [tcomb] Invalid value undefined supplied to Struct{id: ?String, firstName: String, lastName: String, middleName: String, email: String, password: ?String, roleId: Number, verificationCode: ?String, isVerified: ?Number, isDeleted: Number, createdBy: String}/middleName: String\n    at Function.fail (/Users/joshuaalpuerto/www/payroll/api.payroll/node_modules/tcomb/lib/fail.js:2:9)\n    at assert (/Users/joshuaalpuerto/www/payroll/api.payroll/node_modules/tcomb/lib/assert.js:14:12)\n    at Irreducible (/Users/joshuaalpuerto/www/payroll/api.payroll/node_modules/tcomb/lib/irreducible.js:18:7)\n    at create (/Users/joshuaalpuerto/www/payroll/api.payroll/node_modules/tcomb/lib/create.js:9:104)\n    at new Struct (/Users/joshuaalpuerto/www/payroll/api.payroll/node_modules/tcomb/lib/struct.js:82:19)\n    at Struct (/Users/joshuaalpuerto/www/payroll/api.payroll/node_modules/tcomb/lib/struct.js:71:14)\n    at /Users/joshuaalpuerto/www/payroll/api.payroll/node_modules/ramda/src/internal/_pipe.js:3:27\n    at /Users/joshuaalpuerto/www/payroll/api.payroll/node_modules/ramda/src/internal/_arity.js:6:49\n    at Object.update (/Users/joshuaalpuerto/www/payroll/api.payroll/src/app/user/put.js:12:17)\n    at router.put (/Users/joshuaalpuerto/www/payroll/api.payroll/src/interfaces/http/modules/user/index.js:162:10)\n    at Layer.handle [as handle_request] (/Users/joshuaalpuerto/www/payroll/api.payroll/node_modules/express/lib/router/layer.js:95:5)\n    at next (/Users/joshuaalpuerto/www/payroll/api.payroll/node_modules/express/lib/router/route.js:137:13)\n    at Route.dispatch (/Users/joshuaalpuerto/www/payroll/api.payroll/node_modules/express/lib/router/route.js:112:3)\n    at Layer.handle [as handle_request] (/Users/joshuaalpuerto/www/payroll/api.payroll/node_modules/express/lib/router/layer.js:95:5)\n    at /Users/joshuaalpuerto/www/payroll/api.payroll/node_modules/express/lib/router/index.js:281:22\n    at param (/Users/joshuaalpuerto/www/payroll/api.payroll/node_modules/express/lib/router/index.js:354:14)\n    at param (/Users/joshuaalpuerto/www/payroll/api.payroll/node_modules/express/lib/router/index.js:365:14)\n    at Function.process_params (/Users/joshuaalpuerto/www/payroll/api.payroll/node_modules/express/lib/router/index.js:410:3)\n    at next (/Users/joshuaalpuerto/www/payroll/api.payroll/node_modules/express/lib/router/index.js:275:10)\n    at complete (/Users/joshuaalpuerto/www/payroll/api.payroll/node_modules/passport/lib/middleware/authenticate.js:263:13)\n    at /Users/joshuaalpuerto/www/payroll/api.payroll/node_modules/passport/lib/middleware/authenticate.js:270:15\n    at pass (/Users/joshuaalpuerto/www/payroll/api.payroll/node_modules/passport/lib/authenticator.js:431:14)","level":"error","timestamp":"2017-09-18T15:28:05.890Z"}
{"level":"info","message":"::1 - - [18/Sep/2017:15:28:05 +0000] \"PUT /api/v1/users/e6c95f36-810d-4b0f-906d-743cbc1544b4 HTTP/1.1\" 500 -","timestamp":"2017-09-18T15:28:05.899Z"}
{"level":"info","message":" API - Port 4000","timestamp":"2017-09-18T15:28:14.926Z"}
{"level":"info","message":" API - Port 4000","timestamp":"2017-09-18T15:28:14.929Z"}
{"level":"info","message":" API - Port 4000","timestamp":"2017-09-18T15:28:14.934Z"}
{"level":"info","message":"::1 - - [18/Sep/2017:15:28:17 +0000] \"PUT /api/v1/users/e6c95f36-810d-4b0f-906d-743cbc1544b4 HTTP/1.1\" 200 241","timestamp":"2017-09-18T15:28:17.401Z"}
{"message":"[tcomb] Invalid value undefined supplied to Struct{id: ?String, firstName: String, lastName: String, middleName: String, email: String, password: ?String, roleId: Number, verificationCode: ?String, isVerified: ?Number, isDeleted: Number, createdBy: String}/middleName: String","stack":"TypeError: [tcomb] Invalid value undefined supplied to Struct{id: ?String, firstName: String, lastName: String, middleName: String, email: String, password: ?String, roleId: Number, verificationCode: ?String, isVerified: ?Number, isDeleted: Number, createdBy: String}/middleName: String\n    at Function.fail (/Users/joshuaalpuerto/www/payroll/api.payroll/node_modules/tcomb/lib/fail.js:2:9)\n    at assert (/Users/joshuaalpuerto/www/payroll/api.payroll/node_modules/tcomb/lib/assert.js:14:12)\n    at Irreducible (/Users/joshuaalpuerto/www/payroll/api.payroll/node_modules/tcomb/lib/irreducible.js:18:7)\n    at create (/Users/joshuaalpuerto/www/payroll/api.payroll/node_modules/tcomb/lib/create.js:9:104)\n    at new Struct (/Users/joshuaalpuerto/www/payroll/api.payroll/node_modules/tcomb/lib/struct.js:82:19)\n    at Struct (/Users/joshuaalpuerto/www/payroll/api.payroll/node_modules/tcomb/lib/struct.js:71:14)\n    at /Users/joshuaalpuerto/www/payroll/api.payroll/node_modules/ramda/src/internal/_pipe.js:3:27\n    at /Users/joshuaalpuerto/www/payroll/api.payroll/node_modules/ramda/src/internal/_arity.js:6:49\n    at Promise (/Users/joshuaalpuerto/www/payroll/api.payroll/src/app/user/put.js:14:21)\n    at Object.update (/Users/joshuaalpuerto/www/payroll/api.payroll/src/app/user/put.js:12:12)\n    at router.put (/Users/joshuaalpuerto/www/payroll/api.payroll/src/interfaces/http/modules/user/index.js:162:10)\n    at Layer.handle [as handle_request] (/Users/joshuaalpuerto/www/payroll/api.payroll/node_modules/express/lib/router/layer.js:95:5)\n    at next (/Users/joshuaalpuerto/www/payroll/api.payroll/node_modules/express/lib/router/route.js:137:13)\n    at Route.dispatch (/Users/joshuaalpuerto/www/payroll/api.payroll/node_modules/express/lib/router/route.js:112:3)\n    at Layer.handle [as handle_request] (/Users/joshuaalpuerto/www/payroll/api.payroll/node_modules/express/lib/router/layer.js:95:5)\n    at /Users/joshuaalpuerto/www/payroll/api.payroll/node_modules/express/lib/router/index.js:281:22\n    at param (/Users/joshuaalpuerto/www/payroll/api.payroll/node_modules/express/lib/router/index.js:354:14)\n    at param (/Users/joshuaalpuerto/www/payroll/api.payroll/node_modules/express/lib/router/index.js:365:14)\n    at Function.process_params (/Users/joshuaalpuerto/www/payroll/api.payroll/node_modules/express/lib/router/index.js:410:3)\n    at next (/Users/joshuaalpuerto/www/payroll/api.payroll/node_modules/express/lib/router/index.js:275:10)\n    at complete (/Users/joshuaalpuerto/www/payroll/api.payroll/node_modules/passport/lib/middleware/authenticate.js:263:13)\n    at /Users/joshuaalpuerto/www/payroll/api.payroll/node_modules/passport/lib/middleware/authenticate.js:270:15","level":"error","timestamp":"2017-09-18T15:28:24.107Z"}
{"level":"info","message":"::1 - - [18/Sep/2017:15:28:24 +0000] \"PUT /api/v1/users/e6c95f36-810d-4b0f-906d-743cbc1544b4 HTTP/1.1\" 400 352","timestamp":"2017-09-18T15:28:24.110Z"}
{"level":"info","message":"::1 - - [18/Sep/2017:15:28:34 +0000] \"DELETE /api/v1/users/e6c95f36-810d-4b0f-906d-743cbc1544b4 HTTP/1.1\" 200 76","timestamp":"2017-09-18T15:28:34.236Z"}
{"level":"info","message":" API - Port 4000","timestamp":"2017-09-18T15:36:29.251Z"}
{"level":"info","message":" API - Port 4000","timestamp":"2017-09-18T15:36:29.254Z"}
{"level":"info","message":" API - Port 4000","timestamp":"2017-09-18T15:36:29.255Z"}
{"level":"info","message":"::1 - - [18/Sep/2017:15:36:32 +0000] \"GET /docs/ HTTP/1.1\" 304 -","timestamp":"2017-09-18T15:36:32.165Z"}
{"level":"info","message":"::1 - - [18/Sep/2017:15:36:32 +0000] \"GET /docs/swagger-ui.css HTTP/1.1\" 304 -","timestamp":"2017-09-18T15:36:32.194Z"}
{"level":"info","message":"::1 - - [18/Sep/2017:15:36:32 +0000] \"GET /docs/swagger-ui-bundle.js HTTP/1.1\" 304 -","timestamp":"2017-09-18T15:36:32.233Z"}
{"level":"info","message":"::1 - - [18/Sep/2017:15:36:32 +0000] \"GET /docs/swagger-ui-standalone-preset.js HTTP/1.1\" 304 -","timestamp":"2017-09-18T15:36:32.241Z"}
{"level":"info","message":"::1 - - [18/Sep/2017:15:36:32 +0000] \"GET /docs/swagger-ui-bundle.js.map HTTP/1.1\" 304 -","timestamp":"2017-09-18T15:36:32.774Z"}
{"level":"info","message":"::1 - - [18/Sep/2017:15:36:32 +0000] \"GET /docs/swagger-ui-standalone-preset.js.map HTTP/1.1\" 304 -","timestamp":"2017-09-18T15:36:32.774Z"}
{"level":"info","message":"::1 - - [18/Sep/2017:15:36:32 +0000] \"GET /docs/swagger-ui.css.map HTTP/1.1\" 304 -","timestamp":"2017-09-18T15:36:32.782Z"}
{"level":"info","message":"::1 - - [18/Sep/2017:15:36:32 +0000] \"GET /api/v1/swagger.json HTTP/1.1\" 200 -","timestamp":"2017-09-18T15:36:32.805Z"}
{"level":"info","message":" API - Port 4000","timestamp":"2017-09-19T02:39:12.554Z"}
{"level":"info","message":" API - Port 4000","timestamp":"2017-09-19T02:39:12.556Z"}
{"level":"info","message":" API - Port 4000","timestamp":"2017-09-19T02:39:12.562Z"}
{"level":"info","message":"::1 - - [19/Sep/2017:02:39:15 +0000] \"GET /docs/ HTTP/1.1\" 304 -","timestamp":"2017-09-19T02:39:15.517Z"}
{"level":"info","message":"::1 - - [19/Sep/2017:02:39:15 +0000] \"GET /docs/swagger-ui.css HTTP/1.1\" 304 -","timestamp":"2017-09-19T02:39:15.563Z"}
{"level":"info","message":"::1 - - [19/Sep/2017:02:39:15 +0000] \"GET /docs/swagger-ui-bundle.js HTTP/1.1\" 304 -","timestamp":"2017-09-19T02:39:15.597Z"}
{"level":"info","message":"::1 - - [19/Sep/2017:02:39:15 +0000] \"GET /docs/swagger-ui-standalone-preset.js HTTP/1.1\" 304 -","timestamp":"2017-09-19T02:39:15.601Z"}
{"level":"info","message":"::1 - - [19/Sep/2017:02:39:16 +0000] \"GET /docs/swagger-ui-standalone-preset.js.map HTTP/1.1\" 304 -","timestamp":"2017-09-19T02:39:16.158Z"}
{"level":"info","message":"::1 - - [19/Sep/2017:02:39:16 +0000] \"GET /docs/swagger-ui-bundle.js.map HTTP/1.1\" 304 -","timestamp":"2017-09-19T02:39:16.159Z"}
{"level":"info","message":"::1 - - [19/Sep/2017:02:39:16 +0000] \"GET /docs/swagger-ui.css.map HTTP/1.1\" 304 -","timestamp":"2017-09-19T02:39:16.173Z"}
{"level":"info","message":"::1 - - [19/Sep/2017:02:39:16 +0000] \"GET /api/v1/swagger.json HTTP/1.1\" 304 -","timestamp":"2017-09-19T02:39:16.186Z"}
{"level":"info","message":"::1 - - [19/Sep/2017:02:39:35 +0000] \"POST /api/v1/token HTTP/1.1\" 200 409","timestamp":"2017-09-19T02:39:35.959Z"}
{"level":"info","message":"::1 - - [19/Sep/2017:02:39:56 +0000] \"GET /api/v1/companies HTTP/1.1\" 200 -","timestamp":"2017-09-19T02:39:56.783Z"}
{"message":"invalid input syntax for uuid: \"string\"","stack":"SequelizeDatabaseError: invalid input syntax for uuid: \"string\"\n    at Query.formatError (/Users/joshuaalpuerto/www/payroll/api.payroll/node_modules/sequelize/lib/dialects/postgres/query.js:351:16)\n    at query.catch.err (/Users/joshuaalpuerto/www/payroll/api.payroll/node_modules/sequelize/lib/dialects/postgres/query.js:86:18)\nFrom previous event:\n    at Query.run (/Users/joshuaalpuerto/www/payroll/api.payroll/node_modules/sequelize/lib/dialects/postgres/query.js:79:23)\n    at retry (/Users/joshuaalpuerto/www/payroll/api.payroll/node_modules/sequelize/lib/sequelize.js:533:32)\n    at /Users/joshuaalpuerto/www/payroll/api.payroll/node_modules/retry-as-promised/index.js:40:21\n    at retryAsPromised (/Users/joshuaalpuerto/www/payroll/api.payroll/node_modules/retry-as-promised/index.js:30:10)\n    at Promise.try.then.connection (/Users/joshuaalpuerto/www/payroll/api.payroll/node_modules/sequelize/lib/sequelize.js:533:14)\nFrom previous event:\n    at Sequelize.query (/Users/joshuaalpuerto/www/payroll/api.payroll/node_modules/sequelize/lib/sequelize.js:529:8)\n    at QueryInterface.insert (/Users/joshuaalpuerto/www/payroll/api.payroll/node_modules/sequelize/lib/query-interface.js:524:27)\n    at Promise.try.then.then.then (/Users/joshuaalpuerto/www/payroll/api.payroll/node_modules/sequelize/lib/model.js:3589:56)\n    at runCallback (timers.js:651:20)\n    at tryOnImmediate (timers.js:624:5)\n    at processImmediate [as _immediateCallback] (timers.js:596:5)\nFrom previous event:\n    at model.save (/Users/joshuaalpuerto/www/payroll/api.payroll/node_modules/sequelize/lib/model.js:3565:8)\n    at Function.create (/Users/joshuaalpuerto/www/payroll/api.payroll/node_modules/sequelize/lib/model.js:1973:8)\n    at Object.create (/Users/joshuaalpuerto/www/payroll/api.payroll/src/infra/repositories/company.js:13:11)\n    at Promise (/Users/joshuaalpuerto/www/payroll/api.payroll/src/app/company/post.js:15:55)\n    at Object.create (/Users/joshuaalpuerto/www/payroll/api.payroll/src/app/company/post.js:12:12)\n    at router.post (/Users/joshuaalpuerto/www/payroll/api.payroll/src/interfaces/http/modules/company/index.js:118:10)\n    at Layer.handle [as handle_request] (/Users/joshuaalpuerto/www/payroll/api.payroll/node_modules/express/lib/router/layer.js:95:5)\n    at next (/Users/joshuaalpuerto/www/payroll/api.payroll/node_modules/express/lib/router/route.js:137:13)\n    at Route.dispatch (/Users/joshuaalpuerto/www/payroll/api.payroll/node_modules/express/lib/router/route.js:112:3)\n    at Layer.handle [as handle_request] (/Users/joshuaalpuerto/www/payroll/api.payroll/node_modules/express/lib/router/layer.js:95:5)\n    at /Users/joshuaalpuerto/www/payroll/api.payroll/node_modules/express/lib/router/index.js:281:22\n    at Function.process_params (/Users/joshuaalpuerto/www/payroll/api.payroll/node_modules/express/lib/router/index.js:335:12)\n    at next (/Users/joshuaalpuerto/www/payroll/api.payroll/node_modules/express/lib/router/index.js:275:10)\n    at complete (/Users/joshuaalpuerto/www/payroll/api.payroll/node_modules/passport/lib/middleware/authenticate.js:263:13)\n    at /Users/joshuaalpuerto/www/payroll/api.payroll/node_modules/passport/lib/middleware/authenticate.js:270:15\n    at pass (/Users/joshuaalpuerto/www/payroll/api.payroll/node_modules/passport/lib/authenticator.js:431:14)\n    at Authenticator.transformAuthInfo (/Users/joshuaalpuerto/www/payroll/api.payroll/node_modules/passport/lib/authenticator.js:453:5)\n    at /Users/joshuaalpuerto/www/payroll/api.payroll/node_modules/passport/lib/middleware/authenticate.js:267:22\n    at /Users/joshuaalpuerto/www/payroll/api.payroll/node_modules/passport/lib/http/request.js:52:7\n    at /Users/joshuaalpuerto/www/payroll/api.payroll/node_modules/passport/lib/sessionmanager.js:26:5\n    at pass (/Users/joshuaalpuerto/www/payroll/api.payroll/node_modules/passport/lib/authenticator.js:277:43)\n    at serialized (/Users/joshuaalpuerto/www/payroll/api.payroll/node_modules/passport/lib/authenticator.js:286:7)\n    at /Users/joshuaalpuerto/www/payroll/api.payroll/src/interfaces/http/auth.js:33:5\n    at pass (/Users/joshuaalpuerto/www/payroll/api.payroll/node_modules/passport/lib/authenticator.js:294:9)\n    at Authenticator.serializeUser (/Users/joshuaalpuerto/www/payroll/api.payroll/node_modules/passport/lib/authenticator.js:299:5)\nFrom previous event:\n    at JwtStrategy.Strategy [as _verify] (/Users/joshuaalpuerto/www/payroll/api.payroll/src/interfaces/http/auth.js:24:8)\n    at /Users/joshuaalpuerto/www/payroll/api.payroll/node_modules/passport-jwt/lib/strategy.js:123:34\n    at /Users/joshuaalpuerto/www/payroll/api.payroll/node_modules/passport-jwt/node_modules/jsonwebtoken/verify.js:27:18\n    at _combinedTickCallback (internal/process/next_tick.js:67:7)\n    at process._tickDomainCallback (internal/process/next_tick.js:122:9)","name":"SequelizeDatabaseError","parent":{"name":"error","length":101,"severity":"ERROR","code":"22P02","position":"210","file":"uuid.c","line":"146","routine":"string_to_uuid","sql":"INSERT INTO \"companies\" (\"id\",\"name\",\"address\",\"contact\",\"tin\",\"sss\",\"philhealth\",\"isDeleted\",\"createdBy\") VALUES ('8825c17a-6de0-4c7e-96e4-8958845cb13e','Test1','string','string','string','string','string',0,'string') RETURNING *;"},"original":{"name":"error","length":101,"severity":"ERROR","code":"22P02","position":"210","file":"uuid.c","line":"146","routine":"string_to_uuid","sql":"INSERT INTO \"companies\" (\"id\",\"name\",\"address\",\"contact\",\"tin\",\"sss\",\"philhealth\",\"isDeleted\",\"createdBy\") VALUES ('8825c17a-6de0-4c7e-96e4-8958845cb13e','Test1','string','string','string','string','string',0,'string') RETURNING *;"},"sql":"INSERT INTO \"companies\" (\"id\",\"name\",\"address\",\"contact\",\"tin\",\"sss\",\"philhealth\",\"isDeleted\",\"createdBy\") VALUES ('8825c17a-6de0-4c7e-96e4-8958845cb13e','Test1','string','string','string','string','string',0,'string') RETURNING *;","__stackCleaned__":true,"level":"error","timestamp":"2017-09-19T02:41:04.152Z"}
{"level":"info","message":"::1 - - [19/Sep/2017:02:41:04 +0000] \"POST /api/v1/companies HTTP/1.1\" 400 118","timestamp":"2017-09-19T02:41:04.164Z"}
{"level":"info","message":" API - Port 4000","timestamp":"2017-09-20T02:27:10.863Z"}
{"level":"info","message":" API - Port 4000","timestamp":"2017-09-20T02:27:10.868Z"}
{"level":"info","message":" API - Port 4000","timestamp":"2017-09-20T02:27:10.873Z"}
{"level":"info","message":"::1 - - [20/Sep/2017:02:27:47 +0000] \"GET / HTTP/1.1\" 404 139","timestamp":"2017-09-20T02:27:47.125Z"}
{"level":"info","message":"::1 - - [20/Sep/2017:02:27:47 +0000] \"GET /favicon.ico HTTP/1.1\" 404 150","timestamp":"2017-09-20T02:27:47.279Z"}
{"level":"info","message":"::1 - - [20/Sep/2017:02:28:18 +0000] \"POST /socket.io/?EIO=3&transport=polling&t=LwT7LDq&sid=upeUgIW4AbQDUkEvAAAA HTTP/1.1\" 404 150","timestamp":"2017-09-20T02:28:18.447Z"}
{"level":"info","message":"::1 - - [20/Sep/2017:02:28:31 +0000] \"GET /docs HTTP/1.1\" 301 167","timestamp":"2017-09-20T02:28:31.345Z"}
{"level":"info","message":"::1 - - [20/Sep/2017:02:28:31 +0000] \"GET /docs/ HTTP/1.1\" 304 -","timestamp":"2017-09-20T02:28:31.352Z"}
{"level":"info","message":"::1 - - [20/Sep/2017:02:28:31 +0000] \"GET /docs/swagger-ui.css HTTP/1.1\" 304 -","timestamp":"2017-09-20T02:28:31.381Z"}
{"level":"info","message":"::1 - - [20/Sep/2017:02:28:31 +0000] \"GET /docs/swagger-ui-bundle.js HTTP/1.1\" 304 -","timestamp":"2017-09-20T02:28:31.394Z"}
{"level":"info","message":"::1 - - [20/Sep/2017:02:28:31 +0000] \"GET /docs/swagger-ui-standalone-preset.js HTTP/1.1\" 304 -","timestamp":"2017-09-20T02:28:31.422Z"}
{"level":"info","message":"::1 - - [20/Sep/2017:02:28:31 +0000] \"GET /api/v1/swagger.json HTTP/1.1\" 304 -","timestamp":"2017-09-20T02:28:31.892Z"}
{"level":"info","message":"::1 - - [20/Sep/2017:02:35:24 +0000] \"GET /api/v1/companies HTTP/1.1\" 401 -","timestamp":"2017-09-20T02:35:24.602Z"}
{"level":"info","message":" API - Port 4000","timestamp":"2017-09-20T02:49:33.004Z"}
{"level":"info","message":" API - Port 4000","timestamp":"2017-09-20T02:49:33.006Z"}
{"level":"info","message":" API - Port 4000","timestamp":"2017-09-20T02:49:33.007Z"}
{"level":"info","message":"::1 - - [20/Sep/2017:06:14:22 +0000] \"POST /api/v1/token HTTP/1.1\" 200 409","timestamp":"2017-09-20T06:14:22.142Z"}
{"level":"info","message":"::1 - - [20/Sep/2017:06:37:37 +0000] \"POST /api/v1/token HTTP/1.1\" 200 409","timestamp":"2017-09-20T06:37:37.180Z"}
{"level":"info","message":"::1 - - [20/Sep/2017:06:37:41 +0000] \"POST /api/v1/token HTTP/1.1\" 200 409","timestamp":"2017-09-20T06:37:41.132Z"}
{"level":"info","message":"::1 - - [20/Sep/2017:06:37:48 +0000] \"GET /api/v1/companies HTTP/1.1\" 401 -","timestamp":"2017-09-20T06:37:48.034Z"}
{"level":"info","message":"::1 - - [20/Sep/2017:06:37:57 +0000] \"GET /api/v1/companies HTTP/1.1\" 401 -","timestamp":"2017-09-20T06:37:57.419Z"}
{"level":"info","message":"::1 - - [20/Sep/2017:06:38:20 +0000] \"GET /api/v1/companies HTTP/1.1\" 200 -","timestamp":"2017-09-20T06:38:20.260Z"}
{"level":"info","message":"::1 - - [20/Sep/2017:06:39:29 +0000] \"GET /api/v1/companies HTTP/1.1\" 200 -","timestamp":"2017-09-20T06:39:29.601Z"}
{"level":"info","message":"::1 - - [20/Sep/2017:06:39:31 +0000] \"GET /api/v1/companies HTTP/1.1\" 200 -","timestamp":"2017-09-20T06:39:31.476Z"}
{"level":"info","message":" API - Port 4000","timestamp":"2017-09-20T06:41:36.983Z"}
{"level":"info","message":" API - Port 4000","timestamp":"2017-09-20T06:48:20.926Z"}
{"level":"info","message":" API - Port 4000","timestamp":"2017-09-20T06:48:20.928Z"}
{"level":"info","message":" API - Port 4000","timestamp":"2017-09-20T06:48:20.933Z"}
{"message":"TypeError: Cannot match against 'undefined' or 'null'.","stack":"Error: TypeError: Cannot match against 'undefined' or 'null'.\n    at model.findOne.then.catch (/Users/joshuaalpuerto/www/payroll/api.payroll/src/infra/repositories/user.js:28:33)\n    at runCallback (timers.js:651:20)\n    at tryOnImmediate (timers.js:624:5)\n    at processImmediate [as _immediateCallback] (timers.js:596:5)\nFrom previous event:\n    at Object.findOne (/Users/joshuaalpuerto/www/payroll/api.payroll/src/infra/repositories/user.js:28:13)\n    at Promise (/Users/joshuaalpuerto/www/payroll/api.payroll/src/app/token/post.js:17:54)\n    at Object.validate (/Users/joshuaalpuerto/www/payroll/api.payroll/src/app/token/post.js:14:12)\n    at router.post (/Users/joshuaalpuerto/www/payroll/api.payroll/src/interfaces/http/modules/token/index.js:65:10)\n    at Layer.handle [as handle_request] (/Users/joshuaalpuerto/www/payroll/api.payroll/node_modules/express/lib/router/layer.js:95:5)\n    at next (/Users/joshuaalpuerto/www/payroll/api.payroll/node_modules/express/lib/router/route.js:137:13)\n    at Route.dispatch (/Users/joshuaalpuerto/www/payroll/api.payroll/node_modules/express/lib/router/route.js:112:3)\n    at Layer.handle [as handle_request] (/Users/joshuaalpuerto/www/payroll/api.payroll/node_modules/express/lib/router/layer.js:95:5)\n    at /Users/joshuaalpuerto/www/payroll/api.payroll/node_modules/express/lib/router/index.js:281:22\n    at Function.process_params (/Users/joshuaalpuerto/www/payroll/api.payroll/node_modules/express/lib/router/index.js:335:12)\n    at next (/Users/joshuaalpuerto/www/payroll/api.payroll/node_modules/express/lib/router/index.js:275:10)\n    at Function.handle (/Users/joshuaalpuerto/www/payroll/api.payroll/node_modules/express/lib/router/index.js:174:3)\n    at router (/Users/joshuaalpuerto/www/payroll/api.payroll/node_modules/express/lib/router/index.js:47:12)\n    at Layer.handle [as handle_request] (/Users/joshuaalpuerto/www/payroll/api.payroll/node_modules/express/lib/router/layer.js:95:5)\n    at trim_prefix (/Users/joshuaalpuerto/www/payroll/api.payroll/node_modules/express/lib/router/index.js:317:13)\n    at /Users/joshuaalpuerto/www/payroll/api.payroll/node_modules/express/lib/router/index.js:284:7\n    at Function.process_params (/Users/joshuaalpuerto/www/payroll/api.payroll/node_modules/express/lib/router/index.js:335:12)\n    at next (/Users/joshuaalpuerto/www/payroll/api.payroll/node_modules/express/lib/router/index.js:275:10)\n    at /Users/joshuaalpuerto/www/payroll/api.payroll/node_modules/express/lib/router/index.js:635:15\n    at next (/Users/joshuaalpuerto/www/payroll/api.payroll/node_modules/express/lib/router/index.js:260:14)\n    at Function.handle (/Users/joshuaalpuerto/www/payroll/api.payroll/node_modules/express/lib/router/index.js:174:3)\n    at router (/Users/joshuaalpuerto/www/payroll/api.payroll/node_modules/express/lib/router/index.js:47:12)\n    at Layer.handle [as handle_request] (/Users/joshuaalpuerto/www/payroll/api.payroll/node_modules/express/lib/router/layer.js:95:5)\n    at trim_prefix (/Users/joshuaalpuerto/www/payroll/api.payroll/node_modules/express/lib/router/index.js:317:13)","__stackCleaned__":true,"level":"error","timestamp":"2017-09-20T06:48:22.986Z"}
{"level":"info","message":"::1 - - [20/Sep/2017:06:48:22 +0000] \"POST /api/v1/token HTTP/1.1\" 400 131","timestamp":"2017-09-20T06:48:22.995Z"}
{"message":"TypeError: Cannot match against 'undefined' or 'null'.","stack":"Error: TypeError: Cannot match against 'undefined' or 'null'.\n    at model.findOne.then.catch (/Users/joshuaalpuerto/www/payroll/api.payroll/src/infra/repositories/user.js:28:33)\n    at runCallback (timers.js:651:20)\n    at tryOnImmediate (timers.js:624:5)\n    at processImmediate [as _immediateCallback] (timers.js:596:5)\nFrom previous event:\n    at Object.findOne (/Users/joshuaalpuerto/www/payroll/api.payroll/src/infra/repositories/user.js:28:13)\n    at Promise (/Users/joshuaalpuerto/www/payroll/api.payroll/src/app/token/post.js:17:54)\n    at Object.validate (/Users/joshuaalpuerto/www/payroll/api.payroll/src/app/token/post.js:14:12)\n    at router.post (/Users/joshuaalpuerto/www/payroll/api.payroll/src/interfaces/http/modules/token/index.js:65:10)\n    at Layer.handle [as handle_request] (/Users/joshuaalpuerto/www/payroll/api.payroll/node_modules/express/lib/router/layer.js:95:5)\n    at next (/Users/joshuaalpuerto/www/payroll/api.payroll/node_modules/express/lib/router/route.js:137:13)\n    at Route.dispatch (/Users/joshuaalpuerto/www/payroll/api.payroll/node_modules/express/lib/router/route.js:112:3)\n    at Layer.handle [as handle_request] (/Users/joshuaalpuerto/www/payroll/api.payroll/node_modules/express/lib/router/layer.js:95:5)\n    at /Users/joshuaalpuerto/www/payroll/api.payroll/node_modules/express/lib/router/index.js:281:22\n    at Function.process_params (/Users/joshuaalpuerto/www/payroll/api.payroll/node_modules/express/lib/router/index.js:335:12)\n    at next (/Users/joshuaalpuerto/www/payroll/api.payroll/node_modules/express/lib/router/index.js:275:10)\n    at Function.handle (/Users/joshuaalpuerto/www/payroll/api.payroll/node_modules/express/lib/router/index.js:174:3)\n    at router (/Users/joshuaalpuerto/www/payroll/api.payroll/node_modules/express/lib/router/index.js:47:12)\n    at Layer.handle [as handle_request] (/Users/joshuaalpuerto/www/payroll/api.payroll/node_modules/express/lib/router/layer.js:95:5)\n    at trim_prefix (/Users/joshuaalpuerto/www/payroll/api.payroll/node_modules/express/lib/router/index.js:317:13)\n    at /Users/joshuaalpuerto/www/payroll/api.payroll/node_modules/express/lib/router/index.js:284:7\n    at Function.process_params (/Users/joshuaalpuerto/www/payroll/api.payroll/node_modules/express/lib/router/index.js:335:12)\n    at next (/Users/joshuaalpuerto/www/payroll/api.payroll/node_modules/express/lib/router/index.js:275:10)\n    at /Users/joshuaalpuerto/www/payroll/api.payroll/node_modules/express/lib/router/index.js:635:15\n    at next (/Users/joshuaalpuerto/www/payroll/api.payroll/node_modules/express/lib/router/index.js:260:14)\n    at Function.handle (/Users/joshuaalpuerto/www/payroll/api.payroll/node_modules/express/lib/router/index.js:174:3)\n    at router (/Users/joshuaalpuerto/www/payroll/api.payroll/node_modules/express/lib/router/index.js:47:12)\n    at Layer.handle [as handle_request] (/Users/joshuaalpuerto/www/payroll/api.payroll/node_modules/express/lib/router/layer.js:95:5)\n    at trim_prefix (/Users/joshuaalpuerto/www/payroll/api.payroll/node_modules/express/lib/router/index.js:317:13)","__stackCleaned__":true,"level":"error","timestamp":"2017-09-20T07:04:09.418Z"}
{"level":"info","message":"::1 - - [20/Sep/2017:07:04:09 +0000] \"POST /api/v1/token HTTP/1.1\" 400 131","timestamp":"2017-09-20T07:04:09.424Z"}
{"message":"Invalid Credentials","stack":"Error: Invalid Credentials\n    at Promise (/Users/joshuaalpuerto/www/payroll/api.payroll/src/app/token/post.js:30:17)","level":"error","timestamp":"2017-09-20T07:04:16.694Z"}
{"level":"info","message":"::1 - - [20/Sep/2017:07:04:16 +0000] \"POST /api/v1/token HTTP/1.1\" 400 96","timestamp":"2017-09-20T07:04:16.696Z"}
{"level":"info","message":"::1 - - [20/Sep/2017:07:50:20 +0000] \"POST /api/v1/users HTTP/1.1\" 401 -","timestamp":"2017-09-20T07:50:20.937Z"}
{"message":"Invalid Credentials","stack":"Error: Invalid Credentials\n    at Promise (/Users/joshuaalpuerto/www/payroll/api.payroll/src/app/token/post.js:30:17)","level":"error","timestamp":"2017-09-20T07:50:26.928Z"}
{"level":"info","message":"::1 - - [20/Sep/2017:07:50:26 +0000] \"POST /api/v1/token HTTP/1.1\" 400 96","timestamp":"2017-09-20T07:50:26.932Z"}
{"level":"info","message":"::1 - - [20/Sep/2017:07:50:33 +0000] \"POST /api/v1/token HTTP/1.1\" 200 409","timestamp":"2017-09-20T07:50:33.580Z"}
{"message":"[tcomb] Invalid value undefined supplied to Struct{id: ?String, firstName: String, lastName: String, middleName: String, email: String, password: ?String, roleId: Number, verificationCode: ?String, isVerified: ?Number, isDeleted: Number, createdBy: String}/lastName: String","stack":"TypeError: [tcomb] Invalid value undefined supplied to Struct{id: ?String, firstName: String, lastName: String, middleName: String, email: String, password: ?String, roleId: Number, verificationCode: ?String, isVerified: ?Number, isDeleted: Number, createdBy: String}/lastName: String\n    at Function.fail (/Users/joshuaalpuerto/www/payroll/api.payroll/node_modules/tcomb/lib/fail.js:2:9)\n    at assert (/Users/joshuaalpuerto/www/payroll/api.payroll/node_modules/tcomb/lib/assert.js:14:12)\n    at Irreducible (/Users/joshuaalpuerto/www/payroll/api.payroll/node_modules/tcomb/lib/irreducible.js:18:7)\n    at create (/Users/joshuaalpuerto/www/payroll/api.payroll/node_modules/tcomb/lib/create.js:9:104)\n    at new Struct (/Users/joshuaalpuerto/www/payroll/api.payroll/node_modules/tcomb/lib/struct.js:82:19)\n    at Struct (/Users/joshuaalpuerto/www/payroll/api.payroll/node_modules/tcomb/lib/struct.js:71:14)\n    at /Users/joshuaalpuerto/www/payroll/api.payroll/node_modules/ramda/src/internal/_pipe.js:3:27\n    at /Users/joshuaalpuerto/www/payroll/api.payroll/node_modules/ramda/src/internal/_arity.js:6:49\n    at Promise (/Users/joshuaalpuerto/www/payroll/api.payroll/src/app/user/post.js:17:21)\n    at Object.create (/Users/joshuaalpuerto/www/payroll/api.payroll/src/app/user/post.js:11:12)\n    at router.post (/Users/joshuaalpuerto/www/payroll/api.payroll/src/interfaces/http/modules/user/index.js:115:10)\n    at Layer.handle [as handle_request] (/Users/joshuaalpuerto/www/payroll/api.payroll/node_modules/express/lib/router/layer.js:95:5)\n    at next (/Users/joshuaalpuerto/www/payroll/api.payroll/node_modules/express/lib/router/route.js:137:13)\n    at Route.dispatch (/Users/joshuaalpuerto/www/payroll/api.payroll/node_modules/express/lib/router/route.js:112:3)\n    at Layer.handle [as handle_request] (/Users/joshuaalpuerto/www/payroll/api.payroll/node_modules/express/lib/router/layer.js:95:5)\n    at /Users/joshuaalpuerto/www/payroll/api.payroll/node_modules/express/lib/router/index.js:281:22\n    at Function.process_params (/Users/joshuaalpuerto/www/payroll/api.payroll/node_modules/express/lib/router/index.js:335:12)\n    at next (/Users/joshuaalpuerto/www/payroll/api.payroll/node_modules/express/lib/router/index.js:275:10)\n    at complete (/Users/joshuaalpuerto/www/payroll/api.payroll/node_modules/passport/lib/middleware/authenticate.js:263:13)\n    at /Users/joshuaalpuerto/www/payroll/api.payroll/node_modules/passport/lib/middleware/authenticate.js:270:15\n    at pass (/Users/joshuaalpuerto/www/payroll/api.payroll/node_modules/passport/lib/authenticator.js:431:14)\n    at Authenticator.transformAuthInfo (/Users/joshuaalpuerto/www/payroll/api.payroll/node_modules/passport/lib/authenticator.js:453:5)","level":"error","timestamp":"2017-09-20T07:50:54.930Z"}
{"level":"info","message":"::1 - - [20/Sep/2017:07:50:54 +0000] \"POST /api/v1/users HTTP/1.1\" 400 350","timestamp":"2017-09-20T07:50:54.931Z"}
